{"/home/sema/Documents/V Simpósio Internacional de Tecnologias em Educação Matemática/sig-te/frontend/src/App.tsx": {"path":"/home/sema/Documents/V Simpósio Internacional de Tecnologias em Educação Matemática/sig-te/frontend/src/App.tsx","statementMap":{"0":{"start":{"line":21,"column":2},"end":{"line":52,"column":3}}},"fnMap":{"0":{"name":"App","decl":{"start":{"line":20,"column":9},"end":{"line":20,"column":12}},"loc":{"start":{"line":20,"column":15},"end":{"line":53,"column":1}},"line":20}},"branchMap":{},"s":{"0":6},"f":{"0":6},"b":{},"_coverageSchema":"1a1c01bbd47fc00a2c39e90264f33305004495a9","hash":"d88f24d66f11eb49c80126a26c2308dbccf4b085"}
,"/home/sema/Documents/V Simpósio Internacional de Tecnologias em Educação Matemática/sig-te/frontend/src/AppThemeProvider.tsx": {"path":"/home/sema/Documents/V Simpósio Internacional de Tecnologias em Educação Matemática/sig-te/frontend/src/AppThemeProvider.tsx","statementMap":{"0":{"start":{"line":5,"column":73},"end":{"line":10,"column":1}},"1":{"start":{"line":6,"column":2},"end":{"line":9,"column":21}}},"fnMap":{"0":{"name":"(anonymous_0)","decl":{"start":{"line":5,"column":73},"end":{"line":5,"column":74}},"loc":{"start":{"line":6,"column":2},"end":{"line":9,"column":21}},"line":6}},"branchMap":{},"s":{"0":2,"1":5},"f":{"0":5},"b":{},"_coverageSchema":"1a1c01bbd47fc00a2c39e90264f33305004495a9","hash":"007903878a14c12e7beadec298256a697b1f5da4"}
,"/home/sema/Documents/V Simpósio Internacional de Tecnologias em Educação Matemática/sig-te/frontend/src/schemas.ts": {"path":"/home/sema/Documents/V Simpósio Internacional de Tecnologias em Educação Matemática/sig-te/frontend/src/schemas.ts","statementMap":{"0":{"start":{"line":3,"column":27},"end":{"line":13,"column":2}}},"fnMap":{},"branchMap":{},"s":{"0":3},"f":{},"b":{},"_coverageSchema":"1a1c01bbd47fc00a2c39e90264f33305004495a9","hash":"c736bc3563974319d1ae4b0086e36657902d712e"}
,"/home/sema/Documents/V Simpósio Internacional de Tecnologias em Educação Matemática/sig-te/frontend/src/theme.ts": {"path":"/home/sema/Documents/V Simpósio Internacional de Tecnologias em Educação Matemática/sig-te/frontend/src/theme.ts","statementMap":{"0":{"start":{"line":4,"column":19},"end":{"line":83,"column":2}}},"fnMap":{},"branchMap":{},"s":{"0":2},"f":{},"b":{},"_coverageSchema":"1a1c01bbd47fc00a2c39e90264f33305004495a9","hash":"4dc18e520ce6232657d003415d32a6f2bc6b39b5"}
,"/home/sema/Documents/V Simpósio Internacional de Tecnologias em Educação Matemática/sig-te/frontend/src/components/BarChart.tsx": {"path":"/home/sema/Documents/V Simpósio Internacional de Tecnologias em Educação Matemática/sig-te/frontend/src/components/BarChart.tsx","statementMap":{"0":{"start":{"line":8,"column":48},"end":{"line":37,"column":1}},"1":{"start":{"line":9,"column":2},"end":{"line":36,"column":4}},"2":{"start":{"line":22,"column":12},"end":{"line":31,"column":14}}},"fnMap":{"0":{"name":"(anonymous_0)","decl":{"start":{"line":8,"column":48},"end":{"line":8,"column":49}},"loc":{"start":{"line":8,"column":62},"end":{"line":37,"column":1}},"line":8},"1":{"name":"(anonymous_1)","decl":{"start":{"line":21,"column":20},"end":{"line":21,"column":21}},"loc":{"start":{"line":22,"column":12},"end":{"line":31,"column":14}},"line":22}},"branchMap":{"0":{"loc":{"start":{"line":25,"column":16},"end":{"line":29,"column":29}},"type":"cond-expr","locations":[{"start":{"line":26,"column":20},"end":{"line":26,"column":29}},{"start":{"line":27,"column":20},"end":{"line":29,"column":29}}],"line":25},"1":{"loc":{"start":{"line":27,"column":20},"end":{"line":29,"column":29}},"type":"cond-expr","locations":[{"start":{"line":28,"column":20},"end":{"line":28,"column":29}},{"start":{"line":29,"column":20},"end":{"line":29,"column":29}}],"line":27}},"s":{"0":2,"1":0,"2":0},"f":{"0":0,"1":0},"b":{"0":[0,0],"1":[0,0]},"_coverageSchema":"1a1c01bbd47fc00a2c39e90264f33305004495a9","hash":"8bae0a8638d2737e695f3b02e2a0227e2d2313bd"}
,"/home/sema/Documents/V Simpósio Internacional de Tecnologias em Educação Matemática/sig-te/frontend/src/components/KpiCard.tsx": {"path":"/home/sema/Documents/V Simpósio Internacional de Tecnologias em Educação Matemática/sig-te/frontend/src/components/KpiCard.tsx","statementMap":{"0":{"start":{"line":10,"column":40},"end":{"line":38,"column":1}},"1":{"start":{"line":11,"column":2},"end":{"line":37,"column":4}}},"fnMap":{"0":{"name":"(anonymous_0)","decl":{"start":{"line":10,"column":40},"end":{"line":10,"column":41}},"loc":{"start":{"line":10,"column":68},"end":{"line":38,"column":1}},"line":10}},"branchMap":{"0":{"loc":{"start":{"line":27,"column":9},"end":{"line":31,"column":9}},"type":"binary-expr","locations":[{"start":{"line":27,"column":9},"end":{"line":27,"column":13}},{"start":{"line":28,"column":10},"end":{"line":30,"column":16}}],"line":27}},"s":{"0":2,"1":0},"f":{"0":0},"b":{"0":[0,0]},"_coverageSchema":"1a1c01bbd47fc00a2c39e90264f33305004495a9","hash":"8be6d2d6ae58281eff95bf22e7136ce3562c3038"}
,"/home/sema/Documents/V Simpósio Internacional de Tecnologias em Educação Matemática/sig-te/frontend/src/components/Layout.tsx": {"path":"/home/sema/Documents/V Simpósio Internacional de Tecnologias em Educação Matemática/sig-te/frontend/src/components/Layout.tsx","statementMap":{"0":{"start":{"line":5,"column":18},"end":{"line":5,"column":43}},"1":{"start":{"line":7,"column":2},"end":{"line":14,"column":5}},"2":{"start":{"line":8,"column":4},"end":{"line":13,"column":5}},"3":{"start":{"line":9,"column":6},"end":{"line":9,"column":50}},"4":{"start":{"line":11,"column":6},"end":{"line":11,"column":39}},"5":{"start":{"line":12,"column":6},"end":{"line":12,"column":47}},"6":{"start":{"line":16,"column":2},"end":{"line":22,"column":4}}},"fnMap":{"0":{"name":"Layout","decl":{"start":{"line":4,"column":24},"end":{"line":4,"column":30}},"loc":{"start":{"line":4,"column":33},"end":{"line":23,"column":1}},"line":4},"1":{"name":"(anonymous_1)","decl":{"start":{"line":7,"column":12},"end":{"line":7,"column":13}},"loc":{"start":{"line":7,"column":18},"end":{"line":14,"column":3}},"line":7}},"branchMap":{"0":{"loc":{"start":{"line":8,"column":4},"end":{"line":13,"column":5}},"type":"if","locations":[{"start":{"line":8,"column":4},"end":{"line":13,"column":5}},{"start":{},"end":{}}],"line":8}},"s":{"0":1,"1":1,"2":1,"3":1,"4":1,"5":1,"6":1},"f":{"0":1,"1":1},"b":{"0":[1,0]},"_coverageSchema":"1a1c01bbd47fc00a2c39e90264f33305004495a9","hash":"0bb93e8ff4ea284c315752462bb1d98188f67e38"}
,"/home/sema/Documents/V Simpósio Internacional de Tecnologias em Educação Matemática/sig-te/frontend/src/components/OccurrencesTable.tsx": {"path":"/home/sema/Documents/V Simpósio Internacional de Tecnologias em Educação Matemática/sig-te/frontend/src/components/OccurrencesTable.tsx","statementMap":{"0":{"start":{"line":17,"column":58},"end":{"line":41,"column":1}},"1":{"start":{"line":18,"column":2},"end":{"line":40,"column":10}},"2":{"start":{"line":32,"column":12},"end":{"line":35,"column":17}}},"fnMap":{"0":{"name":"(anonymous_0)","decl":{"start":{"line":17,"column":58},"end":{"line":17,"column":59}},"loc":{"start":{"line":18,"column":2},"end":{"line":40,"column":10}},"line":18},"1":{"name":"(anonymous_1)","decl":{"start":{"line":31,"column":27},"end":{"line":31,"column":28}},"loc":{"start":{"line":32,"column":12},"end":{"line":35,"column":17}},"line":32}},"branchMap":{},"s":{"0":2,"1":0,"2":0},"f":{"0":0,"1":0},"b":{},"_coverageSchema":"1a1c01bbd47fc00a2c39e90264f33305004495a9","hash":"d5a5d709d04d2f5ef8bc61ad69866195c9cfed0b"}
,"/home/sema/Documents/V Simpósio Internacional de Tecnologias em Educação Matemática/sig-te/frontend/src/components/ProtectedRoute.tsx": {"path":"/home/sema/Documents/V Simpósio Internacional de Tecnologias em Educação Matemática/sig-te/frontend/src/components/ProtectedRoute.tsx","statementMap":{"0":{"start":{"line":11,"column":43},"end":{"line":11,"column":52}},"1":{"start":{"line":13,"column":2},"end":{"line":15,"column":3}},"2":{"start":{"line":14,"column":4},"end":{"line":14,"column":44}},"3":{"start":{"line":17,"column":2},"end":{"line":19,"column":3}},"4":{"start":{"line":18,"column":4},"end":{"line":18,"column":51}},"5":{"start":{"line":21,"column":2},"end":{"line":21,"column":42}}},"fnMap":{"0":{"name":"ProtectedRoute","decl":{"start":{"line":10,"column":24},"end":{"line":10,"column":38}},"loc":{"start":{"line":10,"column":88},"end":{"line":22,"column":1}},"line":10}},"branchMap":{"0":{"loc":{"start":{"line":13,"column":2},"end":{"line":15,"column":3}},"type":"if","locations":[{"start":{"line":13,"column":2},"end":{"line":15,"column":3}},{"start":{},"end":{}}],"line":13},"1":{"loc":{"start":{"line":17,"column":2},"end":{"line":19,"column":3}},"type":"if","locations":[{"start":{"line":17,"column":2},"end":{"line":19,"column":3}},{"start":{},"end":{}}],"line":17},"2":{"loc":{"start":{"line":17,"column":6},"end":{"line":17,"column":80}},"type":"binary-expr","locations":[{"start":{"line":17,"column":6},"end":{"line":17,"column":18}},{"start":{"line":17,"column":23},"end":{"line":17,"column":35}},{"start":{"line":17,"column":39},"end":{"line":17,"column":79}}],"line":17},"3":{"loc":{"start":{"line":21,"column":9},"end":{"line":21,"column":41}},"type":"cond-expr","locations":[{"start":{"line":21,"column":20},"end":{"line":21,"column":28}},{"start":{"line":21,"column":31},"end":{"line":21,"column":41}}],"line":21}},"s":{"0":0,"1":0,"2":0,"3":0,"4":0,"5":0},"f":{"0":0},"b":{"0":[0,0],"1":[0,0],"2":[0,0,0],"3":[0,0]},"_coverageSchema":"1a1c01bbd47fc00a2c39e90264f33305004495a9","hash":"60211dffe1d8ae84efebf2b9affc6833c92397aa"}
,"/home/sema/Documents/V Simpósio Internacional de Tecnologias em Educação Matemática/sig-te/frontend/src/components/dashboard/ActionCard.tsx": {"path":"/home/sema/Documents/V Simpósio Internacional de Tecnologias em Educação Matemática/sig-te/frontend/src/components/dashboard/ActionCard.tsx","statementMap":{"0":{"start":{"line":17,"column":46},"end":{"line":39,"column":1}},"1":{"start":{"line":18,"column":2},"end":{"line":38,"column":4}}},"fnMap":{"0":{"name":"(anonymous_0)","decl":{"start":{"line":17,"column":46},"end":{"line":17,"column":47}},"loc":{"start":{"line":17,"column":76},"end":{"line":39,"column":1}},"line":17}},"branchMap":{},"s":{"0":2,"1":0},"f":{"0":0},"b":{},"_coverageSchema":"1a1c01bbd47fc00a2c39e90264f33305004495a9","hash":"188832f730431f918e8556db8f30b220a06bd243"}
,"/home/sema/Documents/V Simpósio Internacional de Tecnologias em Educação Matemática/sig-te/frontend/src/components/dashboard/GcoteApprovalQueuePage.tsx": {"path":"/home/sema/Documents/V Simpósio Internacional de Tecnologias em Educação Matemática/sig-te/frontend/src/components/dashboard/GcoteApprovalQueuePage.tsx","statementMap":{"0":{"start":{"line":24,"column":41},"end":{"line":29,"column":1}},"1":{"start":{"line":39,"column":48},"end":{"line":112,"column":1}},"2":{"start":{"line":40,"column":34},"end":{"line":40,"column":76}},"3":{"start":{"line":42,"column":23},"end":{"line":46,"column":3}},"4":{"start":{"line":43,"column":4},"end":{"line":43,"column":60}},"5":{"start":{"line":45,"column":4},"end":{"line":45,"column":63}},"6":{"start":{"line":45,"column":26},"end":{"line":45,"column":61}},"7":{"start":{"line":45,"column":47},"end":{"line":45,"column":60}},"8":{"start":{"line":48,"column":2},"end":{"line":111,"column":4}},"9":{"start":{"line":69,"column":18},"end":{"line":97,"column":29}},"10":{"start":{"line":83,"column":41},"end":{"line":83,"column":72}},"11":{"start":{"line":91,"column":41},"end":{"line":91,"column":69}}},"fnMap":{"0":{"name":"(anonymous_0)","decl":{"start":{"line":39,"column":48},"end":{"line":39,"column":49}},"loc":{"start":{"line":39,"column":54},"end":{"line":112,"column":1}},"line":39},"1":{"name":"(anonymous_1)","decl":{"start":{"line":42,"column":23},"end":{"line":42,"column":24}},"loc":{"start":{"line":42,"column":67},"end":{"line":46,"column":3}},"line":42},"2":{"name":"(anonymous_2)","decl":{"start":{"line":45,"column":16},"end":{"line":45,"column":17}},"loc":{"start":{"line":45,"column":26},"end":{"line":45,"column":61}},"line":45},"3":{"name":"(anonymous_3)","decl":{"start":{"line":45,"column":38},"end":{"line":45,"column":39}},"loc":{"start":{"line":45,"column":47},"end":{"line":45,"column":60}},"line":45},"4":{"name":"(anonymous_4)","decl":{"start":{"line":68,"column":29},"end":{"line":68,"column":30}},"loc":{"start":{"line":69,"column":18},"end":{"line":97,"column":29}},"line":69},"5":{"name":"(anonymous_5)","decl":{"start":{"line":83,"column":35},"end":{"line":83,"column":36}},"loc":{"start":{"line":83,"column":41},"end":{"line":83,"column":72}},"line":83},"6":{"name":"(anonymous_6)","decl":{"start":{"line":91,"column":35},"end":{"line":91,"column":36}},"loc":{"start":{"line":91,"column":41},"end":{"line":91,"column":69}},"line":91}},"branchMap":{"0":{"loc":{"start":{"line":67,"column":15},"end":{"line":105,"column":15}},"type":"cond-expr","locations":[{"start":{"line":68,"column":16},"end":{"line":98,"column":18}},{"start":{"line":100,"column":16},"end":{"line":104,"column":27}}],"line":67}},"s":{"0":2,"1":2,"2":0,"3":0,"4":0,"5":0,"6":0,"7":0,"8":0,"9":0,"10":0,"11":0},"f":{"0":0,"1":0,"2":0,"3":0,"4":0,"5":0,"6":0},"b":{"0":[0,0]},"_coverageSchema":"1a1c01bbd47fc00a2c39e90264f33305004495a9","hash":"47879e8b9b168eff41fcb03d43d316aae85cb5f9"}
,"/home/sema/Documents/V Simpósio Internacional de Tecnologias em Educação Matemática/sig-te/frontend/src/components/ui/Table.tsx": {"path":"/home/sema/Documents/V Simpósio Internacional de Tecnologias em Educação Matemática/sig-te/frontend/src/components/ui/Table.tsx","statementMap":{"0":{"start":{"line":9,"column":2},"end":{"line":37,"column":4}},"1":{"start":{"line":15,"column":14},"end":{"line":20,"column":19}},"2":{"start":{"line":26,"column":12},"end":{"line":32,"column":17}},"3":{"start":{"line":28,"column":16},"end":{"line":30,"column":21}}},"fnMap":{"0":{"name":"Table","decl":{"start":{"line":8,"column":24},"end":{"line":8,"column":29}},"loc":{"start":{"line":8,"column":61},"end":{"line":38,"column":1}},"line":8},"1":{"name":"(anonymous_1)","decl":{"start":{"line":14,"column":25},"end":{"line":14,"column":26}},"loc":{"start":{"line":15,"column":14},"end":{"line":20,"column":19}},"line":15},"2":{"name":"(anonymous_2)","decl":{"start":{"line":25,"column":20},"end":{"line":25,"column":21}},"loc":{"start":{"line":26,"column":12},"end":{"line":32,"column":17}},"line":26},"3":{"name":"(anonymous_3)","decl":{"start":{"line":27,"column":27},"end":{"line":27,"column":28}},"loc":{"start":{"line":28,"column":16},"end":{"line":30,"column":21}},"line":28}},"branchMap":{"0":{"loc":{"start":{"line":29,"column":19},"end":{"line":29,"column":62}},"type":"cond-expr","locations":[{"start":{"line":29,"column":32},"end":{"line":29,"column":47}},{"start":{"line":29,"column":50},"end":{"line":29,"column":62}}],"line":29}},"s":{"0":4,"1":12,"2":8,"3":24},"f":{"0":4,"1":12,"2":8,"3":24},"b":{"0":[8,16]},"_coverageSchema":"1a1c01bbd47fc00a2c39e90264f33305004495a9","hash":"754c8721e18509bd6101594b74eaa5013c492b9e"}
,"/home/sema/Documents/V Simpósio Internacional de Tecnologias em Educação Matemática/sig-te/frontend/src/components/ui/Toast.tsx": {"path":"/home/sema/Documents/V Simpósio Internacional de Tecnologias em Educação Matemática/sig-te/frontend/src/components/ui/Toast.tsx","statementMap":{"0":{"start":{"line":11,"column":2},"end":{"line":14,"column":26}},"1":{"start":{"line":12,"column":18},"end":{"line":12,"column":47}},"2":{"start":{"line":13,"column":4},"end":{"line":13,"column":37}},"3":{"start":{"line":13,"column":17},"end":{"line":13,"column":36}},"4":{"start":{"line":16,"column":18},"end":{"line":16,"column":66}},"5":{"start":{"line":18,"column":2},"end":{"line":22,"column":4}}},"fnMap":{"0":{"name":"Toast","decl":{"start":{"line":10,"column":24},"end":{"line":10,"column":29}},"loc":{"start":{"line":10,"column":99},"end":{"line":23,"column":1}},"line":10},"1":{"name":"(anonymous_1)","decl":{"start":{"line":11,"column":12},"end":{"line":11,"column":13}},"loc":{"start":{"line":11,"column":18},"end":{"line":14,"column":3}},"line":11},"2":{"name":"(anonymous_2)","decl":{"start":{"line":13,"column":11},"end":{"line":13,"column":12}},"loc":{"start":{"line":13,"column":17},"end":{"line":13,"column":36}},"line":13}},"branchMap":{"0":{"loc":{"start":{"line":10,"column":41},"end":{"line":10,"column":57}},"type":"default-arg","locations":[{"start":{"line":10,"column":48},"end":{"line":10,"column":57}}],"line":10},"1":{"loc":{"start":{"line":10,"column":68},"end":{"line":10,"column":83}},"type":"default-arg","locations":[{"start":{"line":10,"column":79},"end":{"line":10,"column":83}}],"line":10},"2":{"loc":{"start":{"line":16,"column":18},"end":{"line":16,"column":66}},"type":"cond-expr","locations":[{"start":{"line":16,"column":37},"end":{"line":16,"column":49}},{"start":{"line":16,"column":52},"end":{"line":16,"column":66}}],"line":16}},"s":{"0":1,"1":1,"2":1,"3":1,"4":1,"5":1},"f":{"0":1,"1":1,"2":1},"b":{"0":[0],"1":[1],"2":[1,0]},"_coverageSchema":"1a1c01bbd47fc00a2c39e90264f33305004495a9","hash":"139ae71ff0ca475dbbef5ee055fddfc265f65900"}
,"/home/sema/Documents/V Simpósio Internacional de Tecnologias em Educação Matemática/sig-te/frontend/src/context/AuthContext.tsx": {"path":"/home/sema/Documents/V Simpósio Internacional de Tecnologias em Educação Matemática/sig-te/frontend/src/context/AuthContext.tsx","statementMap":{"0":{"start":{"line":19,"column":20},"end":{"line":19,"column":67}},"1":{"start":{"line":21,"column":28},"end":{"line":65,"column":1}},"2":{"start":{"line":22,"column":26},"end":{"line":22,"column":60}},"3":{"start":{"line":23,"column":32},"end":{"line":23,"column":47}},"4":{"start":{"line":24,"column":28},"end":{"line":24,"column":57}},"5":{"start":{"line":26,"column":2},"end":{"line":38,"column":9}},"6":{"start":{"line":27,"column":18},"end":{"line":27,"column":45}},"7":{"start":{"line":28,"column":4},"end":{"line":37,"column":5}},"8":{"start":{"line":29,"column":28},"end":{"line":29,"column":63}},"9":{"start":{"line":30,"column":6},"end":{"line":34,"column":7}},"10":{"start":{"line":31,"column":8},"end":{"line":31,"column":43}},"11":{"start":{"line":33,"column":8},"end":{"line":33,"column":63}},"12":{"start":{"line":36,"column":6},"end":{"line":36,"column":20}},"13":{"start":{"line":40,"column":16},"end":{"line":52,"column":3}},"14":{"start":{"line":41,"column":4},"end":{"line":41,"column":21}},"15":{"start":{"line":42,"column":4},"end":{"line":42,"column":19}},"16":{"start":{"line":43,"column":4},"end":{"line":51,"column":5}},"17":{"start":{"line":44,"column":6},"end":{"line":44,"column":41}},"18":{"start":{"line":45,"column":6},"end":{"line":45,"column":67}},"19":{"start":{"line":46,"column":6},"end":{"line":46,"column":23}},"20":{"start":{"line":48,"column":6},"end":{"line":48,"column":52}},"21":{"start":{"line":50,"column":6},"end":{"line":50,"column":24}},"22":{"start":{"line":54,"column":17},"end":{"line":58,"column":3}},"23":{"start":{"line":55,"column":4},"end":{"line":55,"column":18}},"24":{"start":{"line":56,"column":4},"end":{"line":56,"column":35}},"25":{"start":{"line":57,"column":4},"end":{"line":57,"column":43}},"26":{"start":{"line":60,"column":2},"end":{"line":64,"column":4}},"27":{"start":{"line":67,"column":23},"end":{"line":71,"column":1}},"28":{"start":{"line":68,"column":14},"end":{"line":68,"column":37}},"29":{"start":{"line":69,"column":2},"end":{"line":69,"column":77}},"30":{"start":{"line":69,"column":12},"end":{"line":69,"column":77}},"31":{"start":{"line":70,"column":2},"end":{"line":70,"column":13}}},"fnMap":{"0":{"name":"(anonymous_0)","decl":{"start":{"line":21,"column":28},"end":{"line":21,"column":29}},"loc":{"start":{"line":21,"column":71},"end":{"line":65,"column":1}},"line":21},"1":{"name":"(anonymous_1)","decl":{"start":{"line":26,"column":12},"end":{"line":26,"column":13}},"loc":{"start":{"line":26,"column":18},"end":{"line":38,"column":3}},"line":26},"2":{"name":"(anonymous_2)","decl":{"start":{"line":40,"column":16},"end":{"line":40,"column":17}},"loc":{"start":{"line":40,"column":57},"end":{"line":52,"column":3}},"line":40},"3":{"name":"(anonymous_3)","decl":{"start":{"line":54,"column":17},"end":{"line":54,"column":18}},"loc":{"start":{"line":54,"column":23},"end":{"line":58,"column":3}},"line":54},"4":{"name":"(anonymous_4)","decl":{"start":{"line":67,"column":23},"end":{"line":67,"column":24}},"loc":{"start":{"line":67,"column":29},"end":{"line":71,"column":1}},"line":67}},"branchMap":{"0":{"loc":{"start":{"line":28,"column":4},"end":{"line":37,"column":5}},"type":"if","locations":[{"start":{"line":28,"column":4},"end":{"line":37,"column":5}},{"start":{"line":35,"column":11},"end":{"line":37,"column":5}}],"line":28},"1":{"loc":{"start":{"line":30,"column":6},"end":{"line":34,"column":7}},"type":"if","locations":[{"start":{"line":30,"column":6},"end":{"line":34,"column":7}},{"start":{"line":32,"column":13},"end":{"line":34,"column":7}}],"line":30},"2":{"loc":{"start":{"line":48,"column":15},"end":{"line":48,"column":50}},"type":"binary-expr","locations":[{"start":{"line":48,"column":15},"end":{"line":48,"column":26}},{"start":{"line":48,"column":30},"end":{"line":48,"column":50}}],"line":48},"3":{"loc":{"start":{"line":69,"column":2},"end":{"line":69,"column":77}},"type":"if","locations":[{"start":{"line":69,"column":2},"end":{"line":69,"column":77}},{"start":{},"end":{}}],"line":69}},"s":{"0":4,"1":4,"2":5,"3":5,"4":5,"5":5,"6":1,"7":1,"8":0,"9":0,"10":0,"11":0,"12":1,"13":5,"14":0,"15":0,"16":0,"17":0,"18":0,"19":0,"20":0,"21":0,"22":5,"23":0,"24":0,"25":0,"26":5,"27":4,"28":15,"29":14,"30":0,"31":14},"f":{"0":5,"1":1,"2":0,"3":0,"4":15},"b":{"0":[0,1],"1":[0,0],"2":[0,0],"3":[0,14]},"_coverageSchema":"1a1c01bbd47fc00a2c39e90264f33305004495a9","hash":"bde9700c3bde1e1d83900d603f5c95744b53972a"}
,"/home/sema/Documents/V Simpósio Internacional de Tecnologias em Educação Matemática/sig-te/frontend/src/context/ThemeContext.tsx": {"path":"/home/sema/Documents/V Simpósio Internacional de Tecnologias em Educação Matemática/sig-te/frontend/src/context/ThemeContext.tsx","statementMap":{"0":{"start":{"line":18,"column":21},"end":{"line":21,"column":2}},"1":{"start":{"line":23,"column":24},"end":{"line":23,"column":54}},"2":{"start":{"line":23,"column":30},"end":{"line":23,"column":54}},"3":{"start":{"line":25,"column":70},"end":{"line":43,"column":1}},"4":{"start":{"line":26,"column":28},"end":{"line":28,"column":3}},"5":{"start":{"line":30,"column":2},"end":{"line":34,"column":14}},"6":{"start":{"line":31,"column":4},"end":{"line":31,"column":63}},"7":{"start":{"line":32,"column":4},"end":{"line":32,"column":50}},"8":{"start":{"line":33,"column":4},"end":{"line":33,"column":41}},"9":{"start":{"line":36,"column":22},"end":{"line":36,"column":85}},"10":{"start":{"line":36,"column":28},"end":{"line":36,"column":85}},"11":{"start":{"line":36,"column":48},"end":{"line":36,"column":83}},"12":{"start":{"line":38,"column":2},"end":{"line":42,"column":4}}},"fnMap":{"0":{"name":"(anonymous_0)","decl":{"start":{"line":20,"column":15},"end":{"line":20,"column":16}},"loc":{"start":{"line":20,"column":21},"end":{"line":20,"column":23}},"line":20},"1":{"name":"(anonymous_1)","decl":{"start":{"line":23,"column":24},"end":{"line":23,"column":25}},"loc":{"start":{"line":23,"column":30},"end":{"line":23,"column":54}},"line":23},"2":{"name":"(anonymous_2)","decl":{"start":{"line":25,"column":70},"end":{"line":25,"column":71}},"loc":{"start":{"line":25,"column":88},"end":{"line":43,"column":1}},"line":25},"3":{"name":"(anonymous_3)","decl":{"start":{"line":30,"column":12},"end":{"line":30,"column":13}},"loc":{"start":{"line":30,"column":18},"end":{"line":34,"column":3}},"line":30},"4":{"name":"(anonymous_4)","decl":{"start":{"line":36,"column":22},"end":{"line":36,"column":23}},"loc":{"start":{"line":36,"column":28},"end":{"line":36,"column":85}},"line":36},"5":{"name":"(anonymous_5)","decl":{"start":{"line":36,"column":37},"end":{"line":36,"column":38}},"loc":{"start":{"line":36,"column":48},"end":{"line":36,"column":83}},"line":36}},"branchMap":{"0":{"loc":{"start":{"line":27,"column":4},"end":{"line":27,"column":66}},"type":"binary-expr","locations":[{"start":{"line":27,"column":5},"end":{"line":27,"column":54}},{"start":{"line":27,"column":59},"end":{"line":27,"column":66}}],"line":27},"1":{"loc":{"start":{"line":36,"column":48},"end":{"line":36,"column":83}},"type":"cond-expr","locations":[{"start":{"line":36,"column":67},"end":{"line":36,"column":73}},{"start":{"line":36,"column":76},"end":{"line":36,"column":83}}],"line":36}},"s":{"0":3,"1":3,"2":5,"3":3,"4":9,"5":9,"6":5,"7":5,"8":5,"9":9,"10":1,"11":1,"12":9},"f":{"0":0,"1":5,"2":9,"3":5,"4":1,"5":1},"b":{"0":[9,6],"1":[1,0]},"_coverageSchema":"1a1c01bbd47fc00a2c39e90264f33305004495a9","hash":"03901c1bb055ed008b487c903d4723091e47c318"}
,"/home/sema/Documents/V Simpósio Internacional de Tecnologias em Educação Matemática/sig-te/frontend/src/pages/AdministrativeGuidelinesPage.tsx": {"path":"/home/sema/Documents/V Simpósio Internacional de Tecnologias em Educação Matemática/sig-te/frontend/src/pages/AdministrativeGuidelinesPage.tsx","statementMap":{"0":{"start":{"line":12,"column":2},"end":{"line":23,"column":4}}},"fnMap":{"0":{"name":"AdministrativeGuidelinesPage","decl":{"start":{"line":11,"column":24},"end":{"line":11,"column":52}},"loc":{"start":{"line":11,"column":55},"end":{"line":24,"column":1}},"line":11}},"branchMap":{},"s":{"0":0},"f":{"0":0},"b":{},"_coverageSchema":"1a1c01bbd47fc00a2c39e90264f33305004495a9","hash":"b6edc8246da77272369c67ea14f9e02b5bb8c0dd"}
,"/home/sema/Documents/V Simpósio Internacional de Tecnologias em Educação Matemática/sig-te/frontend/src/pages/DashboardPage.tsx": {"path":"/home/sema/Documents/V Simpósio Internacional de Tecnologias em Educação Matemática/sig-te/frontend/src/pages/DashboardPage.tsx","statementMap":{"0":{"start":{"line":18,"column":32},"end":{"line":104,"column":1}},"1":{"start":{"line":19,"column":19},"end":{"line":19,"column":32}},"2":{"start":{"line":20,"column":26},"end":{"line":20,"column":56}},"3":{"start":{"line":21,"column":36},"end":{"line":21,"column":68}},"4":{"start":{"line":22,"column":40},"end":{"line":22,"column":73}},"5":{"start":{"line":23,"column":32},"end":{"line":23,"column":46}},"6":{"start":{"line":24,"column":28},"end":{"line":24,"column":40}},"7":{"start":{"line":26,"column":2},"end":{"line":48,"column":9}},"8":{"start":{"line":28,"column":4},"end":{"line":28,"column":52}},"9":{"start":{"line":29,"column":31},"end":{"line":46,"column":5}},"10":{"start":{"line":30,"column":6},"end":{"line":30,"column":23}},"11":{"start":{"line":31,"column":6},"end":{"line":31,"column":19}},"12":{"start":{"line":32,"column":6},"end":{"line":45,"column":7}},"13":{"start":{"line":33,"column":44},"end":{"line":37,"column":10}},"14":{"start":{"line":38,"column":8},"end":{"line":38,"column":29}},"15":{"start":{"line":39,"column":8},"end":{"line":39,"column":34}},"16":{"start":{"line":40,"column":8},"end":{"line":40,"column":39}},"17":{"start":{"line":42,"column":8},"end":{"line":42,"column":57}},"18":{"start":{"line":44,"column":8},"end":{"line":44,"column":26}},"19":{"start":{"line":47,"column":4},"end":{"line":47,"column":25}},"20":{"start":{"line":50,"column":2},"end":{"line":103,"column":4}},"21":{"start":{"line":83,"column":98},"end":{"line":83,"column":135}},"22":{"start":{"line":86,"column":84},"end":{"line":86,"column":114}}},"fnMap":{"0":{"name":"(anonymous_0)","decl":{"start":{"line":18,"column":32},"end":{"line":18,"column":33}},"loc":{"start":{"line":18,"column":38},"end":{"line":104,"column":1}},"line":18},"1":{"name":"(anonymous_1)","decl":{"start":{"line":26,"column":12},"end":{"line":26,"column":13}},"loc":{"start":{"line":26,"column":18},"end":{"line":48,"column":3}},"line":26},"2":{"name":"(anonymous_2)","decl":{"start":{"line":29,"column":31},"end":{"line":29,"column":32}},"loc":{"start":{"line":29,"column":43},"end":{"line":46,"column":5}},"line":29},"3":{"name":"(anonymous_3)","decl":{"start":{"line":83,"column":92},"end":{"line":83,"column":93}},"loc":{"start":{"line":83,"column":98},"end":{"line":83,"column":135}},"line":83},"4":{"name":"(anonymous_4)","decl":{"start":{"line":86,"column":78},"end":{"line":86,"column":79}},"loc":{"start":{"line":86,"column":84},"end":{"line":86,"column":114}},"line":86}},"branchMap":{"0":{"loc":{"start":{"line":55,"column":7},"end":{"line":101,"column":7}},"type":"cond-expr","locations":[{"start":{"line":56,"column":8},"end":{"line":58,"column":14}},{"start":{"line":59,"column":10},"end":{"line":101,"column":7}}],"line":55},"1":{"loc":{"start":{"line":59,"column":10},"end":{"line":101,"column":7}},"type":"cond-expr","locations":[{"start":{"line":60,"column":8},"end":{"line":60,"column":67}},{"start":{"line":62,"column":8},"end":{"line":100,"column":11}}],"line":59},"2":{"loc":{"start":{"line":66,"column":58},"end":{"line":66,"column":85}},"type":"binary-expr","locations":[{"start":{"line":66,"column":58},"end":{"line":66,"column":78}},{"start":{"line":66,"column":82},"end":{"line":66,"column":85}}],"line":66},"3":{"loc":{"start":{"line":69,"column":61},"end":{"line":69,"column":134}},"type":"cond-expr","locations":[{"start":{"line":69,"column":84},"end":{"line":69,"column":128}},{"start":{"line":69,"column":131},"end":{"line":69,"column":134}}],"line":69},"4":{"loc":{"start":{"line":72,"column":55},"end":{"line":72,"column":85}},"type":"binary-expr","locations":[{"start":{"line":72,"column":55},"end":{"line":72,"column":78}},{"start":{"line":72,"column":82},"end":{"line":72,"column":85}}],"line":72},"5":{"loc":{"start":{"line":75,"column":55},"end":{"line":75,"column":85}},"type":"binary-expr","locations":[{"start":{"line":75,"column":55},"end":{"line":75,"column":78}},{"start":{"line":75,"column":82},"end":{"line":75,"column":85}}],"line":75}},"s":{"0":2,"1":0,"2":0,"3":0,"4":0,"5":0,"6":0,"7":0,"8":0,"9":0,"10":0,"11":0,"12":0,"13":0,"14":0,"15":0,"16":0,"17":0,"18":0,"19":0,"20":0,"21":0,"22":0},"f":{"0":0,"1":0,"2":0,"3":0,"4":0},"b":{"0":[0,0],"1":[0,0],"2":[0,0],"3":[0,0],"4":[0,0],"5":[0,0]},"_coverageSchema":"1a1c01bbd47fc00a2c39e90264f33305004495a9","hash":"74fe8674e4c7fb72952d89a4d52d290ca611eb87"}
,"/home/sema/Documents/V Simpósio Internacional de Tecnologias em Educação Matemática/sig-te/frontend/src/pages/ExtracurricularRequestPage.tsx": {"path":"/home/sema/Documents/V Simpósio Internacional de Tecnologias em Educação Matemática/sig-te/frontend/src/pages/ExtracurricularRequestPage.tsx","statementMap":{"0":{"start":{"line":14,"column":0},"end":{"line":14,"column":61}},"1":{"start":{"line":24,"column":35},"end":{"line":160,"column":1}},"2":{"start":{"line":31,"column":6},"end":{"line":37,"column":4}},"3":{"start":{"line":40,"column":2},"end":{"line":45,"column":45}},"4":{"start":{"line":41,"column":23},"end":{"line":41,"column":50}},"5":{"start":{"line":42,"column":4},"end":{"line":44,"column":5}},"6":{"start":{"line":43,"column":6},"end":{"line":43,"column":66}},"7":{"start":{"line":47,"column":19},"end":{"line":67,"column":3}},"8":{"start":{"line":48,"column":4},"end":{"line":66,"column":5}},"9":{"start":{"line":49,"column":20},"end":{"line":49,"column":47}},"10":{"start":{"line":50,"column":18},"end":{"line":57,"column":8}},"11":{"start":{"line":58,"column":6},"end":{"line":62,"column":7}},"12":{"start":{"line":59,"column":20},"end":{"line":59,"column":36}},"13":{"start":{"line":60,"column":8},"end":{"line":60,"column":59}},"14":{"start":{"line":61,"column":8},"end":{"line":61,"column":15}},"15":{"start":{"line":63,"column":6},"end":{"line":63,"column":48}},"16":{"start":{"line":65,"column":6},"end":{"line":65,"column":42}},"17":{"start":{"line":69,"column":2},"end":{"line":159,"column":4}}},"fnMap":{"0":{"name":"(anonymous_0)","decl":{"start":{"line":24,"column":35},"end":{"line":24,"column":36}},"loc":{"start":{"line":24,"column":41},"end":{"line":160,"column":1}},"line":24},"1":{"name":"(anonymous_1)","decl":{"start":{"line":40,"column":18},"end":{"line":40,"column":19}},"loc":{"start":{"line":40,"column":24},"end":{"line":45,"column":3}},"line":40},"2":{"name":"(anonymous_2)","decl":{"start":{"line":47,"column":19},"end":{"line":47,"column":20}},"loc":{"start":{"line":47,"column":56},"end":{"line":67,"column":3}},"line":47}},"branchMap":{"0":{"loc":{"start":{"line":42,"column":4},"end":{"line":44,"column":5}},"type":"if","locations":[{"start":{"line":42,"column":4},"end":{"line":44,"column":5}},{"start":{},"end":{}}],"line":42},"1":{"loc":{"start":{"line":58,"column":6},"end":{"line":62,"column":7}},"type":"if","locations":[{"start":{"line":58,"column":6},"end":{"line":62,"column":7}},{"start":{},"end":{}}],"line":58},"2":{"loc":{"start":{"line":60,"column":14},"end":{"line":60,"column":57}},"type":"binary-expr","locations":[{"start":{"line":60,"column":14},"end":{"line":60,"column":25}},{"start":{"line":60,"column":29},"end":{"line":60,"column":57}}],"line":60},"3":{"loc":{"start":{"line":87,"column":26},"end":{"line":87,"column":92}},"type":"cond-expr","locations":[{"start":{"line":87,"column":46},"end":{"line":87,"column":87}},{"start":{"line":87,"column":90},"end":{"line":87,"column":92}}],"line":87},"4":{"loc":{"start":{"line":148,"column":15},"end":{"line":150,"column":15}},"type":"binary-expr","locations":[{"start":{"line":148,"column":15},"end":{"line":148,"column":33}},{"start":{"line":149,"column":16},"end":{"line":149,"column":101}}],"line":148}},"s":{"0":3,"1":3,"2":10,"3":10,"4":3,"5":3,"6":0,"7":10,"8":0,"9":0,"10":0,"11":0,"12":0,"13":0,"14":0,"15":0,"16":0,"17":10},"f":{"0":10,"1":3,"2":0},"b":{"0":[0,3],"1":[0,0],"2":[0,0],"3":[2,8],"4":[10,4]},"_coverageSchema":"1a1c01bbd47fc00a2c39e90264f33305004495a9","hash":"fe24ddb6a2f3dbb3f29af3a3be7a88aea7723c54"}
,"/home/sema/Documents/V Simpósio Internacional de Tecnologias em Educação Matemática/sig-te/frontend/src/pages/HomePage.tsx": {"path":"/home/sema/Documents/V Simpósio Internacional de Tecnologias em Educação Matemática/sig-te/frontend/src/pages/HomePage.tsx","statementMap":{"0":{"start":{"line":19,"column":16},"end":{"line":24,"column":1}},"1":{"start":{"line":27,"column":0},"end":{"line":27,"column":43}},"2":{"start":{"line":37,"column":17},"end":{"line":146,"column":1}},"3":{"start":{"line":38,"column":33},"end":{"line":38,"column":43}},"4":{"start":{"line":39,"column":19},"end":{"line":39,"column":32}},"5":{"start":{"line":41,"column":2},"end":{"line":145,"column":4}},"6":{"start":{"line":71,"column":29},"end":{"line":71,"column":53}},"7":{"start":{"line":79,"column":29},"end":{"line":79,"column":52}},"8":{"start":{"line":87,"column":29},"end":{"line":87,"column":47}},"9":{"start":{"line":95,"column":29},"end":{"line":95,"column":52}},"10":{"start":{"line":103,"column":29},"end":{"line":103,"column":59}},"11":{"start":{"line":111,"column":29},"end":{"line":111,"column":47}},"12":{"start":{"line":123,"column":12},"end":{"line":135,"column":18}}},"fnMap":{"0":{"name":"(anonymous_0)","decl":{"start":{"line":37,"column":17},"end":{"line":37,"column":18}},"loc":{"start":{"line":37,"column":23},"end":{"line":146,"column":1}},"line":37},"1":{"name":"(anonymous_1)","decl":{"start":{"line":71,"column":23},"end":{"line":71,"column":24}},"loc":{"start":{"line":71,"column":29},"end":{"line":71,"column":53}},"line":71},"2":{"name":"(anonymous_2)","decl":{"start":{"line":79,"column":23},"end":{"line":79,"column":24}},"loc":{"start":{"line":79,"column":29},"end":{"line":79,"column":52}},"line":79},"3":{"name":"(anonymous_3)","decl":{"start":{"line":87,"column":23},"end":{"line":87,"column":24}},"loc":{"start":{"line":87,"column":29},"end":{"line":87,"column":47}},"line":87},"4":{"name":"(anonymous_4)","decl":{"start":{"line":95,"column":23},"end":{"line":95,"column":24}},"loc":{"start":{"line":95,"column":29},"end":{"line":95,"column":52}},"line":95},"5":{"name":"(anonymous_5)","decl":{"start":{"line":103,"column":23},"end":{"line":103,"column":24}},"loc":{"start":{"line":103,"column":29},"end":{"line":103,"column":59}},"line":103},"6":{"name":"(anonymous_6)","decl":{"start":{"line":111,"column":23},"end":{"line":111,"column":24}},"loc":{"start":{"line":111,"column":29},"end":{"line":111,"column":47}},"line":111},"7":{"name":"(anonymous_7)","decl":{"start":{"line":122,"column":23},"end":{"line":122,"column":24}},"loc":{"start":{"line":123,"column":12},"end":{"line":135,"column":18}},"line":123}},"branchMap":{"0":{"loc":{"start":{"line":55,"column":13},"end":{"line":55,"column":73}},"type":"cond-expr","locations":[{"start":{"line":55,"column":32},"end":{"line":55,"column":51}},{"start":{"line":55,"column":54},"end":{"line":55,"column":73}}],"line":55}},"s":{"0":3,"1":3,"2":3,"3":5,"4":5,"5":5,"6":0,"7":0,"8":0,"9":0,"10":0,"11":0,"12":20},"f":{"0":5,"1":0,"2":0,"3":0,"4":0,"5":0,"6":0,"7":20},"b":{"0":[2,3]},"_coverageSchema":"1a1c01bbd47fc00a2c39e90264f33305004495a9","hash":"94d9ff44e5ca57d45b5720a23d4ca670520c6461"}
,"/home/sema/Documents/V Simpósio Internacional de Tecnologias em Educação Matemática/sig-te/frontend/src/pages/LoginPage.tsx": {"path":"/home/sema/Documents/V Simpósio Internacional de Tecnologias em Educação Matemática/sig-te/frontend/src/pages/LoginPage.tsx","statementMap":{"0":{"start":{"line":25,"column":0},"end":{"line":25,"column":44}},"1":{"start":{"line":35,"column":18},"end":{"line":172,"column":1}},"2":{"start":{"line":36,"column":19},"end":{"line":36,"column":32}},"3":{"start":{"line":37,"column":20},"end":{"line":37,"column":29}},"4":{"start":{"line":38,"column":32},"end":{"line":38,"column":47}},"5":{"start":{"line":39,"column":28},"end":{"line":39,"column":57}},"6":{"start":{"line":46,"column":6},"end":{"line":48,"column":4}},"7":{"start":{"line":50,"column":19},"end":{"line":77,"column":3}},"8":{"start":{"line":51,"column":4},"end":{"line":51,"column":19}},"9":{"start":{"line":52,"column":4},"end":{"line":55,"column":5}},"10":{"start":{"line":53,"column":6},"end":{"line":53,"column":105}},"11":{"start":{"line":54,"column":6},"end":{"line":54,"column":13}},"12":{"start":{"line":56,"column":4},"end":{"line":56,"column":21}},"13":{"start":{"line":57,"column":4},"end":{"line":76,"column":5}},"14":{"start":{"line":58,"column":23},"end":{"line":61,"column":8}},"15":{"start":{"line":62,"column":6},"end":{"line":67,"column":7}},"16":{"start":{"line":63,"column":8},"end":{"line":63,"column":62}},"17":{"start":{"line":64,"column":8},"end":{"line":64,"column":31}},"18":{"start":{"line":66,"column":8},"end":{"line":66,"column":53}},"19":{"start":{"line":69,"column":6},"end":{"line":73,"column":7}},"20":{"start":{"line":70,"column":8},"end":{"line":70,"column":43}},"21":{"start":{"line":72,"column":8},"end":{"line":72,"column":53}},"22":{"start":{"line":75,"column":6},"end":{"line":75,"column":24}},"23":{"start":{"line":79,"column":2},"end":{"line":171,"column":4}}},"fnMap":{"0":{"name":"(anonymous_0)","decl":{"start":{"line":35,"column":18},"end":{"line":35,"column":19}},"loc":{"start":{"line":35,"column":24},"end":{"line":172,"column":1}},"line":35},"1":{"name":"(anonymous_1)","decl":{"start":{"line":50,"column":19},"end":{"line":50,"column":20}},"loc":{"start":{"line":50,"column":45},"end":{"line":77,"column":3}},"line":50}},"branchMap":{"0":{"loc":{"start":{"line":52,"column":4},"end":{"line":55,"column":5}},"type":"if","locations":[{"start":{"line":52,"column":4},"end":{"line":55,"column":5}},{"start":{},"end":{}}],"line":52},"1":{"loc":{"start":{"line":62,"column":6},"end":{"line":67,"column":7}},"type":"if","locations":[{"start":{"line":62,"column":6},"end":{"line":67,"column":7}},{"start":{"line":65,"column":13},"end":{"line":67,"column":7}}],"line":62},"2":{"loc":{"start":{"line":62,"column":10},"end":{"line":62,"column":53}},"type":"binary-expr","locations":[{"start":{"line":62,"column":10},"end":{"line":62,"column":23}},{"start":{"line":62,"column":27},"end":{"line":62,"column":53}}],"line":62},"3":{"loc":{"start":{"line":69,"column":6},"end":{"line":73,"column":7}},"type":"if","locations":[{"start":{"line":69,"column":6},"end":{"line":73,"column":7}},{"start":{"line":71,"column":13},"end":{"line":73,"column":7}}],"line":69},"4":{"loc":{"start":{"line":69,"column":10},"end":{"line":69,"column":71}},"type":"binary-expr","locations":[{"start":{"line":69,"column":10},"end":{"line":69,"column":22}},{"start":{"line":69,"column":26},"end":{"line":69,"column":43}},{"start":{"line":69,"column":47},"end":{"line":69,"column":71}}],"line":69},"5":{"loc":{"start":{"line":156,"column":11},"end":{"line":156,"column":74}},"type":"binary-expr","locations":[{"start":{"line":156,"column":11},"end":{"line":156,"column":16}},{"start":{"line":156,"column":20},"end":{"line":156,"column":74}}],"line":156},"6":{"loc":{"start":{"line":166,"column":13},"end":{"line":166,"column":64}},"type":"cond-expr","locations":[{"start":{"line":166,"column":23},"end":{"line":166,"column":53}},{"start":{"line":166,"column":56},"end":{"line":166,"column":64}}],"line":166}},"s":{"0":3,"1":3,"2":4,"3":4,"4":4,"5":4,"6":4,"7":4,"8":0,"9":0,"10":0,"11":0,"12":0,"13":0,"14":0,"15":0,"16":0,"17":0,"18":0,"19":0,"20":0,"21":0,"22":0,"23":4},"f":{"0":4,"1":0},"b":{"0":[0,0],"1":[0,0],"2":[0,0],"3":[0,0],"4":[0,0,0],"5":[4,0],"6":[0,4]},"_coverageSchema":"1a1c01bbd47fc00a2c39e90264f33305004495a9","hash":"9d4a6bf01fdd20b69e76e2180d5f3bf450098b8c"}
,"/home/sema/Documents/V Simpósio Internacional de Tecnologias em Educação Matemática/sig-te/frontend/src/pages/ReplacementPage.tsx": {"path":"/home/sema/Documents/V Simpósio Internacional de Tecnologias em Educação Matemática/sig-te/frontend/src/pages/ReplacementPage.tsx","statementMap":{"0":{"start":{"line":5,"column":26},"end":{"line":8,"column":1}},"1":{"start":{"line":12,"column":20},"end":{"line":12,"column":47}},"2":{"start":{"line":13,"column":47},"end":{"line":13,"column":56}},"3":{"start":{"line":14,"column":2},"end":{"line":14,"column":40}},"4":{"start":{"line":14,"column":22},"end":{"line":14,"column":40}},"5":{"start":{"line":15,"column":2},"end":{"line":15,"column":39}},"6":{"start":{"line":15,"column":23},"end":{"line":15,"column":39}},"7":{"start":{"line":16,"column":2},"end":{"line":23,"column":4}},"8":{"start":{"line":28,"column":25},"end":{"line":28,"column":52}},"9":{"start":{"line":30,"column":2},"end":{"line":84,"column":4}},"10":{"start":{"line":56,"column":12},"end":{"line":79,"column":18}},"11":{"start":{"line":88,"column":0},"end":{"line":88,"column":50}}},"fnMap":{"0":{"name":"OccupancyBadge","decl":{"start":{"line":11,"column":9},"end":{"line":11,"column":23}},"loc":{"start":{"line":11,"column":88},"end":{"line":24,"column":1}},"line":11},"1":{"name":"ReplacementPage","decl":{"start":{"line":27,"column":24},"end":{"line":27,"column":39}},"loc":{"start":{"line":27,"column":42},"end":{"line":85,"column":1}},"line":27},"2":{"name":"(anonymous_2)","decl":{"start":{"line":55,"column":28},"end":{"line":55,"column":29}},"loc":{"start":{"line":56,"column":12},"end":{"line":79,"column":18}},"line":56}},"branchMap":{"0":{"loc":{"start":{"line":14,"column":2},"end":{"line":14,"column":40}},"type":"if","locations":[{"start":{"line":14,"column":2},"end":{"line":14,"column":40}},{"start":{},"end":{}}],"line":14},"1":{"loc":{"start":{"line":15,"column":2},"end":{"line":15,"column":39}},"type":"if","locations":[{"start":{"line":15,"column":2},"end":{"line":15,"column":39}},{"start":{},"end":{}}],"line":15},"2":{"loc":{"start":{"line":19,"column":13},"end":{"line":19,"column":46}},"type":"cond-expr","locations":[{"start":{"line":19,"column":31},"end":{"line":19,"column":34}},{"start":{"line":19,"column":37},"end":{"line":19,"column":46}}],"line":19}},"s":{"0":3,"1":2,"2":2,"3":2,"4":2,"5":2,"6":0,"7":2,"8":1,"9":1,"10":2,"11":3},"f":{"0":2,"1":1,"2":2},"b":{"0":[2,0],"1":[0,2],"2":[0,2]},"_coverageSchema":"1a1c01bbd47fc00a2c39e90264f33305004495a9","hash":"1ba8f35fe4aec7aca73cdafdf8568e12c940d1ce"}
,"/home/sema/Documents/V Simpósio Internacional de Tecnologias em Educação Matemática/sig-te/frontend/src/pages/RoutesPage.tsx": {"path":"/home/sema/Documents/V Simpósio Internacional de Tecnologias em Educação Matemática/sig-te/frontend/src/pages/RoutesPage.tsx","statementMap":{"0":{"start":{"line":30,"column":23},"end":{"line":34,"column":1}},"1":{"start":{"line":36,"column":22},"end":{"line":42,"column":1}},"2":{"start":{"line":44,"column":37},"end":{"line":72,"column":1}},"3":{"start":{"line":85,"column":24},"end":{"line":85,"column":51}},"4":{"start":{"line":86,"column":2},"end":{"line":100,"column":4}},"5":{"start":{"line":104,"column":0},"end":{"line":104,"column":45}},"6":{"start":{"line":107,"column":36},"end":{"line":107,"column":51}},"7":{"start":{"line":108,"column":42},"end":{"line":108,"column":78}},"8":{"start":{"line":109,"column":38},"end":{"line":109,"column":50}},"9":{"start":{"line":110,"column":77},"end":{"line":112,"column":4}},"10":{"start":{"line":113,"column":19},"end":{"line":113,"column":32}},"11":{"start":{"line":114,"column":32},"end":{"line":114,"column":47}},"12":{"start":{"line":117,"column":17},"end":{"line":117,"column":28}},"13":{"start":{"line":119,"column":27},"end":{"line":126,"column":3}},"14":{"start":{"line":120,"column":4},"end":{"line":120,"column":27}},"15":{"start":{"line":121,"column":4},"end":{"line":121,"column":43}},"16":{"start":{"line":122,"column":4},"end":{"line":122,"column":35}},"17":{"start":{"line":123,"column":4},"end":{"line":123,"column":43}},"18":{"start":{"line":124,"column":4},"end":{"line":124,"column":43}},"19":{"start":{"line":125,"column":4},"end":{"line":125,"column":23}},"20":{"start":{"line":128,"column":29},"end":{"line":132,"column":3}},"21":{"start":{"line":129,"column":4},"end":{"line":129,"column":26}},"22":{"start":{"line":130,"column":4},"end":{"line":130,"column":77}},"23":{"start":{"line":131,"column":4},"end":{"line":131,"column":23}},"24":{"start":{"line":134,"column":71},"end":{"line":143,"column":3}},"25":{"start":{"line":135,"column":4},"end":{"line":141,"column":5}},"26":{"start":{"line":136,"column":6},"end":{"line":136,"column":45}},"27":{"start":{"line":139,"column":6},"end":{"line":139,"column":46}},"28":{"start":{"line":142,"column":4},"end":{"line":142,"column":24}},"29":{"start":{"line":146,"column":2},"end":{"line":153,"column":9}},"30":{"start":{"line":147,"column":4},"end":{"line":147,"column":21}},"31":{"start":{"line":148,"column":4},"end":{"line":152,"column":12}},"32":{"start":{"line":151,"column":6},"end":{"line":151,"column":24}},"33":{"start":{"line":155,"column":25},"end":{"line":161,"column":3}},"34":{"start":{"line":156,"column":4},"end":{"line":159,"column":5}},"35":{"start":{"line":157,"column":6},"end":{"line":158,"column":70}},"36":{"start":{"line":163,"column":2},"end":{"line":163,"column":153}},"37":{"start":{"line":163,"column":15},"end":{"line":163,"column":153}},"38":{"start":{"line":165,"column":2},"end":{"line":297,"column":4}},"39":{"start":{"line":186,"column":25},"end":{"line":186,"column":55}},"40":{"start":{"line":197,"column":29},"end":{"line":197,"column":58}},"41":{"start":{"line":208,"column":14},"end":{"line":246,"column":20}},"42":{"start":{"line":214,"column":62},"end":{"line":214,"column":86}},"43":{"start":{"line":218,"column":56},"end":{"line":218,"column":80}},"44":{"start":{"line":230,"column":37},"end":{"line":230,"column":60}},"45":{"start":{"line":239,"column":37},"end":{"line":239,"column":86}},"46":{"start":{"line":251,"column":46},"end":{"line":251,"column":65}},"47":{"start":{"line":277,"column":41},"end":{"line":277,"column":94}},"48":{"start":{"line":285,"column":40},"end":{"line":285,"column":94}},"49":{"start":{"line":291,"column":35},"end":{"line":291,"column":54}}},"fnMap":{"0":{"name":"OccupancyBadge","decl":{"start":{"line":84,"column":9},"end":{"line":84,"column":23}},"loc":{"start":{"line":84,"column":88},"end":{"line":101,"column":1}},"line":84},"1":{"name":"RoutesPage","decl":{"start":{"line":106,"column":24},"end":{"line":106,"column":34}},"loc":{"start":{"line":106,"column":37},"end":{"line":298,"column":1}},"line":106},"2":{"name":"(anonymous_2)","decl":{"start":{"line":119,"column":27},"end":{"line":119,"column":28}},"loc":{"start":{"line":119,"column":53},"end":{"line":126,"column":3}},"line":119},"3
,"/home/sema/Documents/V Simpósio Internacional de Tecnologias em Educação Matemática/sig-te/frontend/src/pages/RoutesPage.tsx": {"path":"/home/sema/Documents/V Simpósio Internacional de Tecnologias em Educação Matemática/sig-te/frontend/src/pages/RoutesPage.tsx","statementMap":{"0":{"start":{"line":30,"column":23},"end":{"line":34,"column":1}},"1":{"start":{"line":36,"column":22},"end":{"line":42,"column":1}},"2":{"start":{"line":44,"column":37},"end":{"line":72,"column":1}},"3":{"start":{"line":85,"column":24},"end":{"line":85,"column":51}},"4":{"start":{"line":86,"column":2},"end":{"line":100,"column":4}},"5":{"start":{"line":104,"column":0},"end":{"line":104,"column":45}},"6":{"start":{"line":107,"column":36},"end":{"line":107,"column":51}},"7":{"start":{"line":108,"column":42},"end":{"line":108,"column":78}},"8":{"start":{"line":109,"column":38},"end":{"line":109,"column":50}},"9":{"start":{"line":110,"column":77},"end":{"line":112,"column":4}},"10":{"start":{"line":113,"column":19},"end":{"line":113,"column":32}},"11":{"start":{"line":114,"column":32},"end":{"line":114,"column":47}},"12":{"start":{"line":117,"column":17},"end":{"line":117,"column":28}},"13":{"start":{"line":119,"column":27},"end":{"line":126,"column":3}},"14":{"start":{"line":120,"column":4},"end":{"line":120,"column":27}},"15":{"start":{"line":121,"column":4},"end":{"line":121,"column":43}},"16":{"start":{"line":122,"column":4},"end":{"line":122,"column":35}},"17":{"start":{"line":123,"column":4},"end":{"line":123,"column":43}},"18":{"start":{"line":124,"column":4},"end":{"line":124,"column":43}},"19":{"start":{"line":125,"column":4},"end":{"line":125,"column":23}},"20":{"start":{"line":128,"column":29},"end":{"line":132,"column":3}},"21":{"start":{"line":129,"column":4},"end":{"line":129,"column":26}},"22":{"start":{"line":130,"column":4},"end":{"line":130,"column":77}},"23":{"start":{"line":131,"column":4},"end":{"line":131,"column":23}},"24":{"start":{"line":134,"column":71},"end":{"line":143,"column":3}},"25":{"start":{"line":135,"column":4},"end":{"line":141,"column":5}},"26":{"start":{"line":136,"column":6},"end":{"line":136,"column":45}},"27":{"start":{"line":139,"column":6},"end":{"line":139,"column":46}},"28":{"start":{"line":142,"column":4},"end":{"line":142,"column":24}},"29":{"start":{"line":146,"column":2},"end":{"line":153,"column":9}},"30":{"start":{"line":147,"column":4},"end":{"line":147,"column":21}},"31":{"start":{"line":148,"column":4},"end":{"line":152,"column":12}},"32":{"start":{"line":151,"column":6},"end":{"line":151,"column":24}},"33":{"start":{"line":155,"column":25},"end":{"line":161,"column":3}},"34":{"start":{"line":156,"column":4},"end":{"line":159,"column":5}},"35":{"start":{"line":157,"column":6},"end":{"line":158,"column":70}},"36":{"start":{"line":163,"column":2},"end":{"line":163,"column":153}},"37":{"start":{"line":163,"column":15},"end":{"line":163,"column":153}},"38":{"start":{"line":165,"column":2},"end":{"line":297,"column":4}},"39":{"start":{"line":186,"column":25},"end":{"line":186,"column":55}},"40":{"start":{"line":197,"column":29},"end":{"line":197,"column":58}},"41":{"start":{"line":208,"column":14},"end":{"line":246,"column":20}},"42":{"start":{"line":214,"column":62},"end":{"line":214,"column":86}},"43":{"start":{"line":218,"column":56},"end":{"line":218,"column":80}},"44":{"start":{"line":230,"column":37},"end":{"line":230,"column":60}},"45":{"start":{"line":239,"column":37},"end":{"line":239,"column":86}},"46":{"start":{"line":251,"column":46},"end":{"line":251,"column":65}},"47":{"start":{"line":277,"column":41},"end":{"line":277,"column":94}},"48":{"start":{"line":285,"column":40},"end":{"line":285,"column":94}},"49":{"start":{"line":291,"column":35},"end":{"line":291,"column":54}}},"fnMap":{"0":{"name":"OccupancyBadge","decl":{"start":{"line":84,"column":9},"end":{"line":84,"column":23}},"loc":{"start":{"line":84,"column":88},"end":{"line":101,"column":1}},"line":84},"1":{"name":"RoutesPage","decl":{"start":{"line":106,"column":24},"end":{"line":106,"column":34}},"loc":{"start":{"line":106,"column":37},"end":{"line":298,"column":1}},"line":106},"2":{"name":"(anonymous_2)","decl":{"start":{"line":119,"column":27},"end":{"line":119,"column":28}},"loc":{"start":{"line":119,"column":53},"end":{"line":126,"column":3}},"line":119},"3":{"name":"(anonymous_3)","decl":{"start":{"line":128,"column":29},"end":{"line":128,"column":30}},"loc":{"start":{"line":128,"column":35},"end":{"line":132,"column":3}},"line":128},"4":{"name":"(anonymous_4)","decl":{"start":{"line":134,"column":71},"end":{"line":134,"column":72}},"loc":{"start":{"line":134,"column":110},"end":{"line":143,"column":3}},"line":134},"5":{"name":"(anonymous_5)","decl":{"start":{"line":146,"column":18},"end":{"line":146,"column":19}},"loc":{"start":{"line":146,"column":24},"end":{"line":153,"column":3}},"line":146},"6":{"name":"(anonymous_6)","decl":{"start":{"line":148,"column":15},"end":{"line":148,"column":16}},"loc":{"start":{"line":148,"column":21},"end":{"line":152,"column":5}},"line":148},"7":{"name":"(anonymous_7)","decl":{"start":{"line":155,"column":33},"end":{"line":155,"column":34}},"loc":{"start":{"line":156,"column":4},"end":{"line":159,"column":5}},"line":156},"8":{"name":"(anonymous_8)","decl":{"start":{"line":156,"column":18},"end":{"line":156,"column":19}},"loc":{"start":{"line":157,"column":6},"end":{"line":158,"column":70}},"line":157},"9":{"name":"(anonymous_9)","decl":{"start":{"line":186,"column":19},"end":{"line":186,"column":20}},"loc":{"start":{"line":186,"column":25},"end":{"line":186,"column":55}},"line":186},"10":{"name":"(anonymous_10)","decl":{"start":{"line":197,"column":24},"end":{"line":197,"column":25}},"loc":{"start":{"line":197,"column":29},"end":{"line":197,"column":58}},"line":197},"11":{"name":"(anonymous_11)","decl":{"start":{"line":207,"column":32},"end":{"line":207,"column":33}},"loc":{"start":{"line":208,"column":14},"end":{"line":246,"column":20}},"line":208},"12":{"name":"(anonymous_12)","decl":{"start":{"line":214,"column":57},"end":{"line":214,"column":58}},"loc":{"start":{"line":214,"column":62},"end":{"line":214,"column":86}},"line":214},"13":{"name":"(anonymous_13)","decl":{"start":{"line":218,"column":51},"end":{"line":218,"column":52}},"loc":{"start":{"line":218,"column":56},"end":{"line":218,"column":80}},"line":218},"14":{"name":"(anonymous_14)","decl":{"start":{"line":230,"column":31},"end":{"line":230,"column":32}},"loc":{"start":{"line":230,"column":37},"end":{"line":230,"column":60}},"line":230},"15":{"name":"(anonymous_15)","decl":{"start":{"line":239,"column":31},"end":{"line":239,"column":32}},"loc":{"start":{"line":239,"column":37},"end":{"line":239,"column":86}},"line":239},"16":{"name":"(anonymous_16)","decl":{"start":{"line":251,"column":40},"end":{"line":251,"column":41}},"loc":{"start":{"line":251,"column":46},"end":{"line":251,"column":65}},"line":251},"17":{"name":"(anonymous_17)","decl":{"start":{"line":277,"column":36},"end":{"line":277,"column":37}},"loc":{"start":{"line":277,"column":41},"end":{"line":277,"column":94}},"line":277},"18":{"name":"(anonymous_18)","decl":{"start":{"line":285,"column":35},"end":{"line":285,"column":36}},"loc":{"start":{"line":285,"column":40},"end":{"line":285,"column":94}},"line":285},"19":{"name":"(anonymous_19)","decl":{"start":{"line":291,"column":29},"end":{"line":291,"column":30}},"loc":{"start":{"line":291,"column":35},"end":{"line":291,"column":54}},"line":291}},"branchMap":{"0":{"loc":{"start":{"line":93,"column":17},"end":{"line":93,"column":67}},"type":"cond-expr","locations":[{"start":{"line":93,"column":38},"end":{"line":93,"column":50}},{"start":{"line":93,"column":53},"end":{"line":93,"column":67}}],"line":93},"1":{"loc":{"start":{"line":135,"column":4},"end":{"line":141,"column":5}},"type":"if","locations":[{"start":{"line":135,"column":4},"end":{"line":141,"column":5}},{"start":{"line":138,"column":11},"end":{"line":141,"column":5}}],"line":135},"2":{"loc":{"start":{"line":157,"column":6},"end":{"line":158,"column":70}},"type":"binary-expr","locations":[{"start":{"line":157,"column":6},"end":{"line":157,"column":63}},{"start":{"line":158,"column":6},"end":{"line":158,"column":70}}],"line":157},"3":{"loc":{"start":{"line":163,"column":2},"end":{"line":163,"column":153}},"type":"if","locations":[{"start":{"line":163,"column":2},"end":{"line":163,"column":153}},{"start":{},"end":{}}],"line":163},"4":{"loc":{"start":{"line":252,"column":22},"end":{"line":252,"column":70}},"type":"cond-expr","locations":[{"start":{"line":252,"column":37},"end":{"line":252,"column":50}},{"start":{"line":252,"column":53},"end":{"line":252,"column":70}}],"line":252},"5":{"loc":{"start":{"line":292,"column":71},"end":{"line":292,"column":120}},"type":"cond-expr","locations":[{"start":{"line":292,"column":86},"end":{"line":292,"column":105}},{"start":{"line":292,"column":108},"end":{"line":292,"column":120}}],"line":292}},"s":{"0":3,"1":3,"2":3,"3":0,"4":0,"5":3,"6":9,"7":8,"8":8,"9":8,"10":8,"11":0,"12":0,"13":0,"14":0,"15":0,"16":0,"17":0,"18":0,"19":0,"20":0,"21":0,"22":0,"23":0,"24":0,"25":0,"26":0,"27":0,"28":0,"29":0,"30":0,"31":0,"32":0,"33":0,"34":0,"35":0,"36":0,"37":0,"38":0,"39":0,"40":0,"41":0,"42":0,"43":0,"44":0,"45":0,"46":0,"47":0,"48":0,"49":0},"f":{"0":0,"1":9,"2":0,"3":0,"4":0,"5":0,"6":0,"7":0,"8":0,"9":0,"10":0,"11":0,"12":0,"13":0,"14":0,"15":0,"16":0,"17":0,"18":0,"19":0},"b":{"0":[0,0],"1":[0,0],"2":[0,0],"3":[0,0],"4":[0,0],"5":[0,0]},"_coverageSchema":"1a1c01bbd47fc00a2c39e90264f33305004495a9","hash":"4544405400677e485cd186ebb5f3919c30d86e24"}
,"/home/sema/Documents/V Simpósio Internacional de Tecnologias em Educação Matemática/sig-te/frontend/src/pages/SchoolsPage.tsx": {"path":"/home/sema/Documents/V Simpósio Internacional de Tecnologias em Educação Matemática/sig-te/frontend/src/pages/SchoolsPage.tsx","statementMap":{"0":{"start":{"line":6,"column":0},"end":{"line":6,"column":46}},"1":{"start":{"line":9,"column":19},"end":{"line":9,"column":32}},"2":{"start":{"line":11,"column":2},"end":{"line":64,"column":4}},"3":{"start":{"line":48,"column":27},"end":{"line":48,"column":45}},"4":{"start":{"line":56,"column":27},"end":{"line":56,"column":50}}},"fnMap":{"0":{"name":"SchoolsPage","decl":{"start":{"line":8,"column":24},"end":{"line":8,"column":35}},"loc":{"start":{"line":8,"column":38},"end":{"line":65,"column":1}},"line":8},"1":{"name":"(anonymous_1)","decl":{"start":{"line":48,"column":21},"end":{"line":48,"column":22}},"loc":{"start":{"line":48,"column":27},"end":{"line":48,"column":45}},"line":48},"2":{"name":"(anonymous_2)","decl":{"start":{"line":56,"column":21},"end":{"line":56,"column":22}},"loc":{"start":{"line":56,"column":27},"end":{"line":56,"column":50}},"line":56}},"branchMap":{},"s":{"0":2,"1":0,"2":0,"3":0,"4":0},"f":{"0":0,"1":0,"2":0},"b":{},"_coverageSchema":"1a1c01bbd47fc00a2c39e90264f33305004495a9","hash":"aabccecb2fb836f77ef45720b31769c6f60cb059"}
,"/home/sema/Documents/V Simpósio Internacional de Tecnologias em Educação Matemática/sig-te/frontend/src/pages/UnauthorizedPage.tsx": {"path":"/home/sema/Documents/V Simpósio Internacional de Tecnologias em Educação Matemática/sig-te/frontend/src/pages/UnauthorizedPage.tsx","statementMap":{"0":{"start":{"line":5,"column":19},"end":{"line":5,"column":32}},"1":{"start":{"line":6,"column":2},"end":{"line":51,"column":4}},"2":{"start":{"line":43,"column":23},"end":{"line":43,"column":36}}},"fnMap":{"0":{"name":"UnauthorizedPage","decl":{"start":{"line":4,"column":24},"end":{"line":4,"column":40}},"loc":{"start":{"line":4,"column":43},"end":{"line":52,"column":1}},"line":4},"1":{"name":"(anonymous_1)","decl":{"start":{"line":43,"column":17},"end":{"line":43,"column":18}},"loc":{"start":{"line":43,"column":23},"end":{"line":43,"column":36}},"line":43}},"branchMap":{},"s":{"0":0,"1":0,"2":0},"f":{"0":0,"1":0},"b":{},"_coverageSchema":"1a1c01bbd47fc00a2c39e90264f33305004495a9","hash":"e50b500e555ddcbdf21bd9741f4447dd89c0bced"}
,"/home/sema/Documents/V Simpósio Internacional de Tecnologias em Educação Matemática/sig-te/frontend/src/schemas/extracurricularSchema.ts": {"path":"/home/sema/Documents/V Simpósio Internacional de Tecnologias em Educação Matemática/sig-te/frontend/src/schemas/extracurricularSchema.ts","statementMap":{"0":{"start":{"line":3,"column":37},"end":{"line":19,"column":2}},"1":{"start":{"line":18,"column":41},"end":{"line":18,"column":44}}},"fnMap":{"0":{"name":"(anonymous_0)","decl":{"start":{"line":18,"column":34},"end":{"line":18,"column":35}},"loc":{"start":{"line":18,"column":41},"end":{"line":18,"column":44}},"line":18}},"branchMap":{},"s":{"0":3,"1":7},"f":{"0":7},"b":{},"_coverageSchema":"1a1c01bbd47fc00a2c39e90264f33305004495a9","hash":"f3a93194ca8444af0b60a9e8a3a1120ac548b0c8"}
,"/home/sema/Documents/V Simpósio Internacional de Tecnologias em Educação Matemática/sig-te/frontend/src/schemas/loginSchema.ts": {"path":"/home/sema/Documents/V Simpósio Internacional de Tecnologias em Educação Matemática/sig-te/frontend/src/schemas/loginSchema.ts","statementMap":{"0":{"start":{"line":3,"column":27},"end":{"line":6,"column":2}}},"fnMap":{},"branchMap":{},"s":{"0":3},"f":{},"b":{},"_coverageSchema":"1a1c01bbd47fc00a2c39e90264f33305004495a9","hash":"59da57b4b7390b1e10859f4bb0eb9fe78898cbad"}
,"/home/sema/Documents/V Simpósio Internacional de Tecnologias em Educação Matemática/sig-te/frontend/src/services/apiService.ts": {"path":"/home/sema/Documents/V Simpósio Internacional de Tecnologias em Educação Matemática/sig-te/frontend/src/services/apiService.ts","statementMap":{"0":{"start":{"line":5,"column":34},"end":{"line":7,"column":2}},"1":{"start":{"line":10,"column":0},"end":{"line":17,"column":3}},"2":{"start":{"line":11,"column":16},"end":{"line":11,"column":43}},"3":{"start":{"line":12,"column":2},"end":{"line":15,"column":3}},"4":{"start":{"line":13,"column":4},"end":{"line":13,"column":42}},"5":{"start":{"line":14,"column":4},"end":{"line":14,"column":56}},"6":{"start":{"line":16,"column":2},"end":{"line":16,"column":16}},"7":{"start":{"line":21,"column":2},"end":{"line":23,"column":3}},"8":{"start":{"line":22,"column":4},"end":{"line":22,"column":49}},"9":{"start":{"line":24,"column":2},"end":{"line":24,"column":30}},"10":{"start":{"line":28,"column":2},"end":{"line":33,"column":3}},"11":{"start":{"line":29,"column":21},"end":{"line":29,"column":46}},"12":{"start":{"line":30,"column":4},"end":{"line":30,"column":25}},"13":{"start":{"line":32,"column":4},"end":{"line":32,"column":52}},"14":{"start":{"line":37,"column":2},"end":{"line":42,"column":3}},"15":{"start":{"line":38,"column":21},"end":{"line":38,"column":59}},"16":{"start":{"line":39,"column":4},"end":{"line":39,"column":25}},"17":{"start":{"line":41,"column":4},"end":{"line":41,"column":50}},"18":{"start":{"line":46,"column":2},"end":{"line":51,"column":3}},"19":{"start":{"line":47,"column":21},"end":{"line":47,"column":64}},"20":{"start":{"line":48,"column":4},"end":{"line":48,"column":25}},"21":{"start":{"line":50,"column":4},"end":{"line":50,"column":54}},"22":{"start":{"line":55,"column":2},"end":{"line":60,"column":3}},"23":{"start":{"line":56,"column":21},"end":{"line":56,"column":55}},"24":{"start":{"line":57,"column":4},"end":{"line":57,"column":25}},"25":{"start":{"line":59,"column":4},"end":{"line":59,"column":52}},"26":{"start":{"line":64,"column":2},"end":{"line":70,"column":3}},"27":{"start":{"line":65,"column":16},"end":{"line":65,"column":74}},"28":{"start":{"line":66,"column":21},"end":{"line":66,"column":39}},"29":{"start":{"line":67,"column":4},"end":{"line":67,"column":25}},"30":{"start":{"line":69,"column":4},"end":{"line":69,"column":55}},"31":{"start":{"line":74,"column":2},"end":{"line":79,"column":3}},"32":{"start":{"line":75,"column":21},"end":{"line":75,"column":61}},"33":{"start":{"line":76,"column":4},"end":{"line":76,"column":25}},"34":{"start":{"line":78,"column":4},"end":{"line":78,"column":53}},"35":{"start":{"line":83,"column":2},"end":{"line":88,"column":3}},"36":{"start":{"line":84,"column":21},"end":{"line":84,"column":47}},"37":{"start":{"line":85,"column":4},"end":{"line":85,"column":25}},"38":{"start":{"line":87,"column":4},"end":{"line":87,"column":64}},"39":{"start":{"line":97,"column":2},"end":{"line":104,"column":3}},"40":{"start":{"line":98,"column":4},"end":{"line":98,"column":98}},"41":{"start":{"line":99,"column":21},"end":{"line":99,"column":108}},"42":{"start":{"line":100,"column":4},"end":{"line":100,"column":25}},"43":{"start":{"line":102,"column":4},"end":{"line":102,"column":72}},"44":{"start":{"line":103,"column":4},"end":{"line":103,"column":67}},"45":{"start":{"line":108,"column":32},"end":{"line":115,"column":1}},"46":{"start":{"line":109,"column":2},"end":{"line":114,"column":3}},"47":{"start":{"line":110,"column":21},"end":{"line":110,"column":53}},"48":{"start":{"line":111,"column":4},"end":{"line":111,"column":25}},"49":{"start":{"line":113,"column":4},"end":{"line":113,"column":62}},"50":{"start":{"line":122,"column":2},"end":{"line":127,"column":3}},"51":{"start":{"line":123,"column":21},"end":{"line":123,"column":45}},"52":{"start":{"line":124,"column":4},"end":{"line":124,"column":25}},"53":{"start":{"line":126,"column":4},"end":{"line":126,"column":50}},"54":{"start":{"line":137,"column":2},"end":{"line":140,"column":5}},"55":{"start":{"line":144,"column":2},"end":{"line":149,"column":3}},"56":{"start":{"line":145,"column":21},"end":{"line":145,"column":48}},"57":{"start":{"line":146,"column":4},"end":{"line":146,"column":25}},"58":{"start":{"line":148,"column":4},"end":{"line":148,"column":55}},"59":{"start":{"line":153,"column":2},"end":{"line":158,"column":3}},"60":{"start":{"line":154,"column":21},"end":{"line":154,"column":56}},"61":{"start":{"line":155,"column":4},"end":{"line":155,"column":25}},"62":{"start":{"line":157,"column":4},"end":{"line":157,"column":56}},"63":{"start":{"line":162,"column":24},"end":{"line":169,"column":1}},"64":{"start":{"line":163,"column":2},"end":{"line":168,"column":3}},"65":{"start":{"line":164,"column":21},"end":{"line":164,"column":44}},"66":{"start":{"line":165,"column":4},"end":{"line":165,"column":25}},"67":{"start":{"line":167,"column":4},"end":{"line":167,"column":51}},"68":{"start":{"line":181,"column":2},"end":{"line":186,"column":3}},"69":{"start":{"line":182,"column":21},"end":{"line":182,"column":66}},"70":{"start":{"line":183,"column":4},"end":{"line":183,"column":25}},"71":{"start":{"line":185,"column":4},"end":{"line":185,"column":48}},"72":{"start":{"line":190,"column":2},"end":{"line":193,"column":5}},"73":{"start":{"line":192,"column":19},"end":{"line":192,"column":40}},"74":{"start":{"line":200,"column":17},"end":{"line":200,"column":48}},"75":{"start":{"line":201,"column":2},"end":{"line":206,"column":3}},"76":{"start":{"line":204,"column":28},"end":{"line":204,"column":54}},"77":{"start":{"line":205,"column":4},"end":{"line":205,"column":64}},"78":{"start":{"line":207,"column":2},"end":{"line":207,"column":21}}},"fnMap":{"0":{"name":"(anonymous_0)","decl":{"start":{"line":10,"column":29},"end":{"line":10,"column":30}},"loc":{"start":{"line":10,"column":41},"end":{"line":17,"column":1}},"line":10},"1":{"name":"handleApiError","decl":{"start":{"line":20,"column":9},"end":{"line":20,"column":23}},"loc":{"start":{"line":20,"column":71},"end":{"line":25,"column":1}},"line":20},"2":{"name":"getSchools","decl":{"start":{"line":27,"column":22},"end":{"line":27,"column":32}},"loc":{"start":{"line":27,"column":35},"end":{"line":34,"column":1}},"line":27},"3":{"name":"createSchool","decl":{"start":{"line":36,"column":22},"end":{"line":36,"column":34}},"loc":{"start":{"line":36,"column":68},"end":{"line":43,"column":1}},"line":36},"4":{"name":"updateSchool","decl":{"start":{"line":45,"column":22},"end":{"line":45,"column":34}},"loc":{"start":{"line":45,"column":80},"end":{"line":52,"column":1}},"line":45},"5":{"name":"deleteSchool","decl":{"start":{"line":54,"column":22},"end":{"line":54,"column":34}},"loc":{"start":{"line":54,"column":47},"end":{"line":61,"column":1}},"line":54},"6":{"name":"getStudents","decl":{"start":{"line":63,"column":22},"end":{"line":63,"column":33}},"loc":{"start":{"line":63,"column":69},"end":{"line":71,"column":1}},"line":63},"7":{"name":"createStudent","decl":{"start":{"line":73,"column":22},"end":{"line":73,"column":35}},"loc":{"start":{"line":73,"column":70},"end":{"line":80,"column":1}},"line":73},"8":{"name":"getAllStudents","decl":{"start":{"line":82,"column":22},"end":{"line":82,"column":36}},"loc":{"start":{"line":82,"column":39},"end":{"line":89,"column":1}},"line":82},"9":{"name":"updateStudentStatus","decl":{"start":{"line":91,"column":22},"end":{"line":91,"column":41}},"loc":{"start":{"line":96,"column":2},"end":{"line":105,"column":1}},"line":96},"10":{"name":"(anonymous_10)","decl":{"start":{"line":108,"column":32},"end":{"line":108,"column":33}},"loc":{"start":{"line":108,"column":44},"end":{"line":115,"column":1}},"line":108},"11":{"name":"getRoutes","decl":{"start":{"line":121,"column":22},"end":{"line":121,"column":31}},"loc":{"start":{"line":121,"column":34},"end":{"line":128,"column":1}},"line":121},"12":{"name":"useRoutes","decl":{"start":{"line":136,"column":16},"end":{"line":136,"column":25}},"loc":{"start":{"line":136,"column":28},"end":{"line":141,"column":1}},"line":136},"13":{"name":"getMyRoute","decl":{"start":{"line":143,"column":22},"end":{"line":143,"column":32}},"loc":{"start":{"line":143,"column":35},"end":{"line":150,"column":1}},"line":143},"14":{"name":"postAttendance","decl":{"start":{"line":152,"column":22},"end":{"line":152,"column":36}},"loc":{"start":{"line":152,"column":104},"end":{"line":159,"column":1}},"line":152},"15":{"name":"(anonymous_15)","decl":{"start":{"line":162,"column":24},"end":{"line":162,"column":25}},"loc":{"start":{"line":162,"column":36},"end":{"line":169,"column":1}},"line":162},"16":{"name":"login","decl":{"start":{"line":180,"column":22},"end":{"line":180,"column":27}},"loc":{"start":{"line":180,"column":61},"end":{"line":187,"column":1}},"line":180},"17":{"name":"useStudents","decl":{"start":{"line":189,"column":16},"end":{"line":189,"column":27}},"loc":{"start":{"line":189,"column":63},"end":{"line":194,"column":1}},"line":189},"18":{"name":"(anonymous_18)","decl":{"start":{"line":192,"column":13},"end":{"line":192,"column":14}},"loc":{"start":{"line":192,"column":19},"end":{"line":192,"column":40}},"line":192},"19":{"name":"useRoutesWithMock","decl":{"start":{"line":199,"column":16},"end":{"line":199,"column":33}},"loc":{"start":{"line":199,"column":36},"end":{"line":208,"column":1}},"line":199}},"branchMap":{"0":{"loc":{"start":{"line":12,"column":2},"end":{"line":15,"column":3}},"type":"if","locations":[{"start":{"line":12,"column":2},"end":{"line":15,"column":3}},{"start":{},"end":{}}],"line":12},"1":{"loc":{"start":{"line":13,"column":21},"end":{"line":13,"column":41}},"type":"binary-expr","locations":[{"start":{"line":13,"column":21},"end":{"line":13,"column":35}},{"start":{"line":13,"column":39},"end":{"line":13,"column":41}}],"line":13},"2":{"loc":{"start":{"line":20,"column":36},"end":{"line":20,"column":69}},"type":"default-arg","locations":[{"start":{"line":20,"column":49},"end":{"line":20,"column":69}}],"line":20},"3":{"loc":{"start":{"line":21,"column":2},"end":{"line":23,"column":3}},"type":"if","locations":[{"start":{"line":21,"column":2},"end":{"line":23,"column":3}},{"start":{},"end":{}}],"line":21},"4":{"loc":{"start":{"line":21,"column":6},"end":{"line":21,"column":74}},"type":"binary-expr","locations":[{"start":{"line":21,"column":6},"end":{"line":21,"column":20}},{"start":{"line":21,"column":24},"end":{"line":21,"column":43}},{"start":{"line":21,"column":47},"end":{"line":21,"column":74}}],"line":21},"5":{"loc":{"start":{"line":65,"column":16},"end":{"line":65,"column":74}},"type":"cond-expr","locations":[{"start":{"line":65,"column":27},"end":{"line":65,"column":60}},{"start":{"line":65,"column":63},"end":{"line":65,"column":74}}],"line":65},"6":{"loc":{"start":{"line":94,"column":2},"end":{"line":94,"column":30}},"type":"default-arg","locations":[{"start":{"line":94,"column":26},"end":{"line":94,"column":30}}],"line":94},"7":{"loc":{"start":{"line":201,"column":2},"end":{"line":206,"column":3}},"type":"if","locations":[{"start":{"line":201,"column":2},"end":{"line":206,"column":3}},{"start":{},"end":{}}],"line":201}},"s":{"0":4,"1":4,"2":0,"3":0,"4":0,"5":0,"6":0,"7":0,"8":0,"9":0,"10":0,"11":0,"12":0,"13":0,"14":0,"15":0,"16":0,"17":0,"18":0,"19":0,"20":0,"21":0,"22":0,"23":0,"24":0,"25":0,"26":0,"27":0,"28":0,"29":0,"30":0,"31":0,"32":0,"33":0,"34":0,"35":0,"36":0,"37":0,"38":0,"39":0,"40":0,"41":0,"42":0,"43":0,"44":0,"45":4,"46":0,"47":0,"48":0,"49":0,"50":0,"51":0,"52":0,"53":0,"54":0,"55":0,"56":0,"57":0,"58":0,"59":0,"60":0,"61":0,"62":0,"63":4,"64":0,"65":0,"66":0,"67":0,"68":0,"69":0,"70":0,"71":0,"72":0,"73":0,"74":0,"75":0,"76":0,"77":0,"78":0},"f":{"0":0,"1":0,"2":0,"3":0,"4":0,"5":0,"6":0,"7":0,"8":0,"9":0,"10":0,"11":0,"12":0,"13":0,"14":0,"15":0,"16":0,"17":0,"18":0,"19":0},"b":{"0":[0,0],"1":[0,0],"2":[0],"3":[0,0],"4":[0,0,0],"5":[0,0],"6":[0],"7":[0,0]},"_coverageSchema":"1a1c01bbd47fc00a2c39e90264f33305004495a9","hash":"37da9d3f64ed7136e760dbfef9d1166b6bde2397"}
}
