TN:
SF:frontend/src/App.tsx
FN:20,App
FNF:1
FNH:1
FNDA:6,App
DA:21,6
LF:1
LH:1
BRF:0
BRH:0
end_of_record
TN:
SF:frontend/src/AppThemeProvider.tsx
FN:5,(anonymous_0)
FNF:1
FNH:1
FNDA:5,(anonymous_0)
DA:5,2
DA:6,5
LF:2
LH:2
BRF:0
BRH:0
end_of_record
TN:
SF:frontend/src/schemas.ts
FNF:0
FNH:0
DA:3,3
LF:1
LH:1
BRF:0
BRH:0
end_of_record
TN:
SF:frontend/src/theme.ts
FNF:0
FNH:0
DA:4,2
LF:1
LH:1
BRF:0
BRH:0
end_of_record
TN:
SF:frontend/src/components/BarChart.tsx
FN:8,(anonymous_0)
FN:21,(anonymous_1)
FNF:2
FNH:0
FNDA:0,(anonymous_0)
FNDA:0,(anonymous_1)
DA:8,2
DA:9,0
DA:22,0
LF:3
LH:1
BRDA:25,0,0,0
BRDA:25,0,1,0
BRDA:27,1,0,0
BRDA:27,1,1,0
BRF:4
BRH:0
end_of_record
TN:
SF:frontend/src/components/KpiCard.tsx
FN:10,(anonymous_0)
FNF:1
FNH:0
FNDA:0,(anonymous_0)
DA:10,2
DA:11,0
LF:2
LH:1
BRDA:27,0,0,0
BRDA:27,0,1,0
BRF:2
BRH:0
end_of_record
TN:
SF:frontend/src/components/Layout.tsx
FN:4,Layout
FN:7,(anonymous_1)
FNF:2
FNH:2
FNDA:1,Layout
FNDA:1,(anonymous_1)
DA:5,1
DA:7,1
DA:8,1
DA:9,1
DA:11,1
DA:12,1
DA:16,1
LF:7
LH:7
BRDA:8,0,0,1
BRDA:8,0,1,0
BRF:2
BRH:1
end_of_record
TN:
SF:frontend/src/components/OccurrencesTable.tsx
FN:17,(anonymous_0)
FN:31,(anonymous_1)
FNF:2
FNH:0
FNDA:0,(anonymous_0)
FNDA:0,(anonymous_1)
DA:17,2
DA:18,0
DA:32,0
LF:3
LH:1
BRF:0
BRH:0
end_of_record
TN:
SF:frontend/src/components/ProtectedRoute.tsx
FN:10,ProtectedRoute
FNF:1
FNH:0
FNDA:0,ProtectedRoute
DA:11,0
DA:13,0
DA:14,0
DA:17,0
DA:18,0
DA:21,0
LF:6
LH:0
BRDA:13,0,0,0
BRDA:13,0,1,0
BRDA:17,1,0,0
BRDA:17,1,1,0
BRDA:17,2,0,0
BRDA:17,2,1,0
BRDA:17,2,2,0
BRDA:21,3,0,0
BRDA:21,3,1,0
BRF:9
BRH:0
end_of_record
TN:
SF:frontend/src/components/dashboard/ActionCard.tsx
FN:17,(anonymous_0)
FNF:1
FNH:0
FNDA:0,(anonymous_0)
DA:17,2
DA:18,0
LF:2
LH:1
BRF:0
BRH:0
end_of_record
TN:
SF:frontend/src/components/dashboard/GcoteApprovalQueuePage.tsx
FN:39,(anonymous_0)
FN:42,(anonymous_1)
FN:45,(anonymous_2)
FN:45,(anonymous_3)
FN:68,(anonymous_4)
FN:83,(anonymous_5)
FN:91,(anonymous_6)
FNF:7
FNH:0
FNDA:0,(anonymous_0)
FNDA:0,(anonymous_1)
FNDA:0,(anonymous_2)
FNDA:0,(anonymous_3)
FNDA:0,(anonymous_4)
FNDA:0,(anonymous_5)
FNDA:0,(anonymous_6)
DA:24,2
DA:39,2
DA:40,0
DA:42,0
DA:43,0
DA:45,0
DA:48,0
DA:69,0
DA:83,0
DA:91,0
LF:10
LH:2
BRDA:67,0,0,0
BRDA:67,0,1,0
BRF:2
BRH:0
end_of_record
TN:
SF:frontend/src/components/ui/Table.tsx
FN:8,Table
FN:14,(anonymous_1)
FN:25,(anonymous_2)
FN:27,(anonymous_3)
FNF:4
FNH:4
FNDA:4,Table
FNDA:12,(anonymous_1)
FNDA:8,(anonymous_2)
FNDA:24,(anonymous_3)
DA:9,4
DA:15,12
DA:26,8
DA:28,24
LF:4
LH:4
BRDA:29,0,0,8
BRDA:29,0,1,16
BRF:2
BRH:2
end_of_record
TN:
SF:frontend/src/components/ui/Toast.tsx
FN:10,Toast
FN:11,(anonymous_1)
FN:13,(anonymous_2)
FNF:3
FNH:3
FNDA:1,Toast
FNDA:1,(anonymous_1)
FNDA:1,(anonymous_2)
DA:11,1
DA:12,1
DA:13,1
DA:16,1
DA:18,1
LF:5
LH:5
BRDA:10,0,0,0
BRDA:10,1,0,1
BRDA:16,2,0,1
BRDA:16,2,1,0
BRF:4
BRH:2
end_of_record
TN:
SF:frontend/src/context/AuthContext.tsx
FN:21,(anonymous_0)
FN:26,(anonymous_1)
FN:40,(anonymous_2)
FN:54,(anonymous_3)
FN:67,(anonymous_4)
FNF:5
FNH:3
FNDA:5,(anonymous_0)
FNDA:1,(anonymous_1)
FNDA:0,(anonymous_2)
FNDA:0,(anonymous_3)
FNDA:15,(anonymous_4)
DA:19,4
DA:21,4
DA:22,5
DA:23,5
DA:24,5
DA:26,5
DA:27,1
DA:28,1
DA:29,0
DA:30,0
DA:31,0
DA:33,0
DA:36,1
DA:40,5
DA:41,0
DA:42,0
DA:43,0
DA:44,0
DA:45,0
DA:46,0
DA:48,0
DA:50,0
DA:54,5
DA:55,0
DA:56,0
DA:57,0
DA:60,5
DA:67,4
DA:68,15
DA:69,14
DA:70,14
LF:31
LH:16
BRDA:28,0,0,0
BRDA:28,0,1,1
BRDA:30,1,0,0
BRDA:30,1,1,0
BRDA:48,2,0,0
BRDA:48,2,1,0
BRDA:69,3,0,0
BRDA:69,3,1,14
BRF:8
BRH:2
end_of_record
TN:
SF:frontend/src/context/ThemeContext.tsx
FN:20,(anonymous_0)
FN:23,(anonymous_1)
FN:25,(anonymous_2)
FN:30,(anonymous_3)
FN:36,(anonymous_4)
FN:36,(anonymous_5)
FNF:6
FNH:5
FNDA:0,(anonymous_0)
FNDA:5,(anonymous_1)
FNDA:9,(anonymous_2)
FNDA:5,(anonymous_3)
FNDA:1,(anonymous_4)
FNDA:1,(anonymous_5)
DA:18,3
DA:23,5
DA:25,3
DA:26,9
DA:30,9
DA:31,5
DA:32,5
DA:33,5
DA:36,9
DA:38,9
LF:10
LH:10
BRDA:27,0,0,9
BRDA:27,0,1,6
BRDA:36,1,0,1
BRDA:36,1,1,0
BRF:4
BRH:3
end_of_record
TN:
SF:frontend/src/pages/AdministrativeGuidelinesPage.tsx
FN:11,AdministrativeGuidelinesPage
FNF:1
FNH:0
FNDA:0,AdministrativeGuidelinesPage
DA:12,0
LF:1
LH:0
BRF:0
BRH:0
end_of_record
TN:
SF:frontend/src/pages/DashboardPage.tsx
FN:18,(anonymous_0)
FN:26,(anonymous_1)
FN:29,(anonymous_2)
FN:83,(anonymous_3)
FN:86,(anonymous_4)
FNF:5
FNH:0
FNDA:0,(anonymous_0)
FNDA:0,(anonymous_1)
FNDA:0,(anonymous_2)
FNDA:0,(anonymous_3)
FNDA:0,(anonymous_4)
DA:18,2
DA:19,0
DA:20,0
DA:21,0
DA:22,0
DA:23,0
DA:24,0
DA:26,0
DA:28,0
DA:29,0
DA:30,0
DA:31,0
DA:32,0
DA:33,0
DA:38,0
DA:39,0
DA:40,0
DA:42,0
DA:44,0
DA:47,0
DA:50,0
DA:83,0
DA:86,0
LF:23
LH:1
BRDA:55,0,0,0
BRDA:55,0,1,0
BRDA:59,1,0,0
BRDA:59,1,1,0
BRDA:66,2,0,0
BRDA:66,2,1,0
BRDA:69,3,0,0
BRDA:69,3,1,0
BRDA:72,4,0,0
BRDA:72,4,1,0
BRDA:75,5,0,0
BRDA:75,5,1,0
BRF:12
BRH:0
end_of_record
TN:
SF:frontend/src/pages/ExtracurricularRequestPage.tsx
FN:24,(anonymous_0)
FN:40,(anonymous_1)
FN:47,(anonymous_2)
FNF:3
FNH:2
FNDA:10,(anonymous_0)
FNDA:3,(anonymous_1)
FNDA:0,(anonymous_2)
DA:14,3
DA:24,3
DA:31,10
DA:40,10
DA:41,3
DA:42,3
DA:43,0
DA:47,10
DA:48,0
DA:49,0
DA:50,0
DA:58,0
DA:59,0
DA:60,0
DA:61,0
DA:63,0
DA:65,0
DA:69,10
LF:18
LH:8
BRDA:42,0,0,0
BRDA:42,0,1,3
BRDA:58,1,0,0
BRDA:58,1,1,0
BRDA:60,2,0,0
BRDA:60,2,1,0
BRDA:87,3,0,2
BRDA:87,3,1,8
BRDA:148,4,0,10
BRDA:148,4,1,4
BRF:10
BRH:5
end_of_record
TN:
SF:frontend/src/pages/HomePage.tsx
FN:37,(anonymous_0)
FN:71,(anonymous_1)
FN:79,(anonymous_2)
FN:87,(anonymous_3)
FN:95,(anonymous_4)
FN:103,(anonymous_5)
FN:111,(anonymous_6)
FN:122,(anonymous_7)
FNF:8
FNH:2
FNDA:5,(anonymous_0)
FNDA:0,(anonymous_1)
FNDA:0,(anonymous_2)
FNDA:0,(anonymous_3)
FNDA:0,(anonymous_4)
FNDA:0,(anonymous_5)
FNDA:0,(anonymous_6)
FNDA:20,(anonymous_7)
DA:19,3
DA:27,3
DA:37,3
DA:38,5
DA:39,5
DA:41,5
DA:71,0
DA:79,0
DA:87,0
DA:95,0
DA:103,0
DA:111,0
DA:123,20
LF:13
LH:7
BRDA:55,0,0,2
BRDA:55,0,1,3
BRF:2
BRH:2
end_of_record
TN:
SF:frontend/src/pages/LoginPage.tsx
FN:35,(anonymous_0)
FN:50,(anonymous_1)
FNF:2
FNH:1
FNDA:4,(anonymous_0)
FNDA:0,(anonymous_1)
DA:25,3
DA:35,3
DA:36,4
DA:37,4
DA:38,4
DA:39,4
DA:46,4
DA:50,4
DA:51,0
DA:52,0
DA:53,0
DA:54,0
DA:56,0
DA:57,0
DA:58,0
DA:62,0
DA:63,0
DA:64,0
DA:66,0
DA:69,0
DA:70,0
DA:72,0
DA:75,0
DA:79,4
LF:24
LH:9
BRDA:52,0,0,0
BRDA:52,0,1,0
BRDA:62,1,0,0
BRDA:62,1,1,0
BRDA:62,2,0,0
BRDA:62,2,1,0
BRDA:69,3,0,0
BRDA:69,3,1,0
BRDA:69,4,0,0
BRDA:69,4,1,0
BRDA:69,4,2,0
BRDA:156,5,0,4
BRDA:156,5,1,0
BRDA:166,6,0,0
BRDA:166,6,1,4
BRF:15
BRH:2
end_of_record
TN:
SF:frontend/src/pages/MyStudentsPage.tsx
FN:42,(anonymous_0)
FN:50,(anonymous_1)
FN:51,(anonymous_2)
FN:64,(anonymous_3)
FN:67,(anonymous_4)
FN:74,(anonymous_5)
FN:78,(anonymous_6)
FN:81,(anonymous_7)
FN:96,(anonymous_8)
FN:111,(anonymous_9)
FN:117,(anonymous_10)
FN:130,(anonymous_11)
FN:135,(anonymous_12)
FN:143,(anonymous_13)
FN:150,(anonymous_14)
FN:156,(anonymous_15)
FN:164,(anonymous_16)
FNF:17
FNH:9
FNDA:11,(anonymous_0)
FNDA:5,(anonymous_1)
FNDA:5,(anonymous_2)
FNDA:0,(anonymous_3)
FNDA:0,(anonymous_4)
FNDA:8,(anonymous_5)
FNDA:4,(anonymous_6)
FNDA:4,(anonymous_7)
FNDA:0,(anonymous_8)
FNDA:1,(anonymous_9)
FNDA:8,(anonymous_10)
FNDA:8,(anonymous_11)
FNDA:0,(anonymous_12)
FNDA:0,(anonymous_13)
FNDA:0,(anonymous_14)
FNDA:0,(anonymous_15)
FNDA:0,(anonymous_16)
DA:35,3
DA:42,3
DA:43,11
DA:44,10
DA:45,10
DA:46,10
DA:47,10
DA:48,10
DA:50,10
DA:51,5
DA:52,5
DA:53,5
DA:54,4
DA:56,1
DA:58,5
DA:61,5
DA:64,10
DA:65,0
DA:66,0
DA:67,0
DA:68,0
DA:70,0
DA:74,10
DA:75,8
DA:78,10
DA:79,4
DA:82,4
DA:95,10
DA:96,5
DA:98,4
DA:111,1
DA:117,8
DA:130,8
DA:135,0
DA:143,0
DA:150,0
DA:156,0
DA:164,0
LF:38
LH:28
BRDA:75,0,0,8
BRDA:75,0,1,0
BRDA:85,1,0,4
BRDA:85,1,1,4
BRDA:95,2,0,5
BRDA:95,2,1,5
BRDA:96,3,0,1
BRDA:96,3,1,4
BRF:8
BRH:7
end_of_record
TN:
SF:frontend/src/pages/ReplacementPage.tsx
FN:11,OccupancyBadge
FN:27,ReplacementPage
FN:55,(anonymous_2)
FNF:3
FNH:3
FNDA:2,OccupancyBadge
FNDA:1,ReplacementPage
FNDA:2,(anonymous_2)
DA:5,3
DA:12,2
DA:13,2
DA:14,2
DA:15,2
DA:16,2
DA:28,1
DA:30,1
DA:56,2
DA:88,3
LF:10
LH:10
BRDA:14,0,0,2
BRDA:14,0,1,0
BRDA:15,1,0,0
BRDA:15,1,1,2
BRDA:19,2,0,0
BRDA:19,2,1,2
BRF:6
BRH:3
end_of_record
TN:
SF:frontend/src/pages/RoutesPage.tsx
FN:84,OccupancyBadge
FN:106,RoutesPage
FN:119,(anonymous_2)
FN:128,(anonymous_3)
FN:134,(anonymous_4)
FN:146,(anonymous_5)
FN:148,(anonymous_6)
FN:155,(anonymous_7)
FN:156,(anonymous_8)
FN:186,(anonymous_9)
FN:197,(anonymous_10)
FN:207,(anonymous_11)
FN:214,(anonymous_12)
FN:218,(anonymous_13)
FN:230,(anonymous_14)
FN:239,(anonymous_15)
FN:251,(anonymous_16)
FN:277,(anonymous_17)
FN:285,(anonymous_18)
FN:291,(anonymous_19)
FNF:20
FNH:1
FNDA:0,OccupancyBadge
FNDA:9,RoutesPage
FNDA:0,(anonymous_2)
FNDA:0,(anonymous_3)
FNDA:0,(anonymous_4)
FNDA:0,(anonymous_5)
FNDA:0,(anonymous_6)
FNDA:0,(anonymous_7)
FNDA:0,(anonymous_8)
FNDA:0,(anonymous_9)
FNDA:0,(anonymous_10)
FNDA:0,(anonymous_11)
FNDA:0,(anonymous_12)
FNDA:0,(anonymous_13)
FNDA:0,(anonymous_14)
FNDA:0,(anonymous_15)
FNDA:0,(anonymous_16)
FNDA:0,(anonymous_17)
FNDA:0,(anonymous_18)
FNDA:0,(anonymous_19)
DA:30,3
DA:36,3
DA:44,3
DA:85,0
DA:86,0
DA:104,3
DA:107,9
DA:108,8
DA:109,8
DA:110,8
DA:113,8
DA:114,0
DA:117,0
DA:119,0
DA:120,0
DA:121,0
DA:122,0
DA:123,0
DA:124,0
DA:125,0
DA:128,0
DA:129,0
DA:130,0
DA:131,0
DA:134,0
DA:135,0
DA:136,0
DA:139,0
DA:142,0
DA:146,0
DA:147,0
DA:148,0
DA:151,0
DA:155,0
DA:156,0
DA:157,0
DA:163,0
DA:165,0
DA:186,0
DA:197,0
DA:208,0
DA:214,0
DA:218,0
DA:230,0
DA:239,0
DA:251,0
DA:277,0
DA:285,0
DA:291,0
LF:49
LH:9
BRDA:93,0,0,0
BRDA:93,0,1,0
BRDA:135,1,0,0
BRDA:135,1,1,0
BRDA:157,2,0,0
BRDA:157,2,1,0
BRDA:163,3,0,0
BRDA:163,3,1,0
BRDA:252,4,0,0
BRDA:252,4,1,0
BRDA:292,5,0,0
BRDA:292,5,1,0
BRF:12
BRH:0
end_of_record
TN:
SF:frontend/src/pages/SchoolsPage.tsx
FN:8,SchoolsPage
FN:48,(anonymous_1)
FN:56,(anonymous_2)
FNF:3
FNH:0
FNDA:0,SchoolsPage
FNDA:0,(anonymous_1)
FNDA:0,(anonymous_2)
DA:6,2
DA:9,0
DA:11,0
DA:48,0
DA:56,0
LF:5
LH:1
BRF:0
BRH:0
end_of_record
TN:
SF:frontend/src/pages/UnauthorizedPage.tsx
FN:4,UnauthorizedPage
FN:43,(anonymous_1)
FNF:2
FNH:0
FNDA:0,UnauthorizedPage
FNDA:0,(anonymous_1)
DA:5,0
DA:6,0
DA:43,0
LF:3
LH:0
BRF:0
BRH:0
end_of_record
TN:
SF:frontend/src/schemas/extracurricularSchema.ts
FN:18,(anonymous_0)
FNF:1
FNH:1
FNDA:7,(anonymous_0)
DA:3,3
DA:18,7
LF:2
LH:2
BRF:0
BRH:0
end_of_record
TN:
SF:frontend/src/schemas/loginSchema.ts
FNF:0
FNH:0
DA:3,3
LF:1
LH:1
BRF:0
BRH:0
end_of_record
TN:
SF:frontend/src/services/apiService.ts
FN:10,(anonymous_0)
FN:20,handleApiError
FN:27,getSchools
FN:36,createSchool
FN:45,updateSchool
FN:54,deleteSchool
FN:63,getStudents
FN:73,createStudent
FN:82,getAllStudents
FN:91,updateStudentStatus
FN:108,(anonymous_10)
FN:121,getRoutes
FN:136,useRoutes
FN:143,getMyRoute
FN:152,postAttendance
FN:162,(anonymous_15)
FN:180,login
FN:189,useStudents
FN:192,(anonymous_18)
FN:199,useRoutesWithMock
FNF:20
FNH:0
FNDA:0,(anonymous_0)
FNDA:0,handleApiError
FNDA:0,getSchools
FNDA:0,createSchool
FNDA:0,updateSchool
FNDA:0,deleteSchool
FNDA:0,getStudents
FNDA:0,createStudent
FNDA:0,getAllStudents
FNDA:0,updateStudentStatus
FNDA:0,(anonymous_10)
FNDA:0,getRoutes
FNDA:0,useRoutes
FNDA:0,getMyRoute
FNDA:0,postAttendance
FNDA:0,(anonymous_15)
FNDA:0,login
FNDA:0,useStudents
FNDA:0,(anonymous_18)
FNDA:0,useRoutesWithMock
DA:5,4
DA:10,4
DA:11,0
DA:12,0
DA:13,0
DA:14,0
DA:16,0
DA:21,0
DA:22,0
DA:24,0
DA:28,0
DA:29,0
DA:30,0
DA:32,0
DA:37,0
DA:38,0
DA:39,0
DA:41,0
DA:46,0
DA:47,0
DA:48,0
DA:50,0
DA:55,0
DA:56,0
DA:57,0
DA:59,0
DA:64,0
DA:65,0
DA:66,0
DA:67,0
DA:69,0
DA:74,0
DA:75,0
DA:76,0
DA:78,0
DA:83,0
DA:84,0
DA:85,0
DA:87,0
DA:97,0
DA:98,0
DA:99,0
DA:100,0
DA:102,0
DA:103,0
DA:108,4
DA:109,0
DA:110,0
DA:111,0
DA:113,0
DA:122,0
DA:123,0
DA:124,0
DA:126,0
DA:137,0
DA:144,0
DA:145,0
DA:146,0
DA:148,0
DA:153,0
DA:154,0
DA:155,0
DA:157,0
DA:162,4
DA:163,0
DA:164,0
DA:165,0
DA:167,0
DA:181,0
DA:182,0
DA:183,0
DA:185,0
DA:190,0
DA:192,0
DA:200,0
DA:201,0
DA:204,0
DA:205,0
DA:207,0
LF:79
LH:4
BRDA:12,0,0,0
BRDA:12,0,1,0
BRDA:13,1,0,0
BRDA:13,1,1,0
BRDA:20,2,0,0
BRDA:21,3,0,0
BRDA:21,3,1,0
BRDA:21,4,0,0
BRDA:21,4,1,0
BRDA:21,4,2,0
BRDA:65,5,0,0
BRDA:65,5,1,0
BRDA:94,6,0,0
BRDA:201,7,0,0
BRDA:201,7,1,0
BRF:15
BRH:0
end_of_record
